MvFQ1B/RCef5PMdloxHlVYOUh9u9Y9VUlVlAx/GMBnFQepsJnw6kE1COIwUNgyZ2qYEziopjaYvyrCljmZTjT/1LCtsjmUYfFAfvPT8aazADONPRiyiy/aOfzviUKvcC
Vl+dP9x50FGPqjP9pCS4jsSmBVCp5E7P8CGEbHdMt9zQ80kVYSdiVGy9fUyRCkZonWfAJy9M2Qgd1EONyvUvp13waB5JYg49IKep9XXzbCLD029XEYia3BnPbFFtn6ER
gzvaB47hDYAb2ZKtm8kZSsit4Depn7UULa+QdSRMTaiv3KNA43SnGJFVgKgOdlfHs6GDoIWm9Oq7fukFVtD2yxWO8qTK5Jpq2syfyujiGT8xntaK76Rc254yeishpJnJ
bD0kQzhFDrOqpbladfHEjMz+y04SDE5BMZ99Ss7Na1YqjB6t7nV6O70hBIryHQXqz1oJnqLqEIWI0y77HVPLKn6M4DC0MThTJIQJRyy3iozdAaKeSb7d2LAnHSDgRrFa
C+ItROCfGqKtH+IVh5wVE2B6KROnm7jzmnp2IfkyQbPh0VnnJsY1UJHmbsR+YWD0W2IcbNmmZPhUq3/mihI+JZv9QnX27Bt6O3eTS8Jyu+InFBDsRzA/eyz+csfuzslE
Nty5QAM5hEvvRT+hDRFHrgTLA2CeDcJqUWoQ6G10ANaSL3EEa5BSJ26oVoZ9HcoWVKEuFIHQUK6AmkuC+/4TI26Ix6wCIUt94I9OKFR+/bK5bjytOan2SxpBqOhLXr8e
4wFxD7cbUb6BOkDh4FPH6ZwnZG6AGG9h3OOCg98IFMeCl3XfX0DsMwBf9i3raj1rxWxcUAnFed2E9TopQyy4LhkR4H3wch5Qm85L+CkxjY67F03YvUMkrYSnXg7owTar
+tSC0nOI6Xcm88Z1+DBHsc/9T4bs/3kQbDU7mKcMhWWdXhJlm+KuLJk5/cVaRUaiccGBfLCzFMx/AysKhUFQ3xvwR86s2MYe7hvcS2MAaqo28zmoXKw2rCQT9WmM/rdb
6o7C1CLluvZIQRJqh/+wqvHP4Xu+lP2UZX+gTT3oAQZ5berHtawUYPmPlfiEaA7qNmp2z3HmhVQ14F2akA8lOa1KB/bMw8RNq7SH/DE319SODY4VG/9bTGI6YVLbbe2M
NxeHj/ktky1aZOlGd70DP34in83tBEs65vHAiUIATMllhId9tU+g67uy+doWph3A30cXVCsqXzPWn/QI6YGSoes4mOD/Pw2jR6ighV8Tl4Im9kVhNSvhL23WytLg4maQ
3XeeGTv1N88MGxBY/y4sC/wl8V8QYIrhgI8VtQ5nSWNe43p3Gju9ZVHQoVZ7gtBmKN4Iak29B2KM8StxljZDjy3cwbfw/NOCNYnfWq0O2C8yOEdRngMC0VuQVcUxSgvY
9VIQa+Q7WCe4GZgsS0CqLHvRNZBPKokZ8XzmFjXWWGg/noYC6T7PqlAF25IdXJwSP1zN+7D+UwtPmXEEzTMC2Pi+pnd3aMA6N9H/9Q0/rKHkIQcdlDqRTC6atMBx8bya
4PC8yJptFckdWJ11EJKQOyhD9zMpOV6BSLgbeOW4XJPfB8PAVWu1q80/tPXoaJpA4qV1ZapabjnBb4zsByKjwmdPQoxVYrV6kqG4Yx8jI5RGr2VNWgxRw3mUZ9HiUyyf
RmfeuYcEJpBmFHbauFlzDXP2mUOJ/Gz9usbuXnUv/xAQmVcqx1s2HbWYlAklRDN8ktF7bvq+Kgy8Oqn7x+UR2jz08znUM7FKboLPEnZBWHsF+jtCjyyw2Hm8sX5hOqkm
6JfJ2pD2yyYw9yj+n+OYL6HyKe0LIuLFbRNWKustyCybhqSx/gn6HsSr19hdEzpWkRLBsd0CNwfs1UaWs4nafU22JcE8YfTY7pMqoBH4Bq37lJQNjcM5XQsuxOvfGWna
91ycSMxuglL9/NBr1EgRIv5vuAoksM2BGgNHlZ74pj5HlpYtMqYKEDXadT081ZD6Tv4eR/9KUrkib+q993GClKvBYkHEqO4hroATUNeEf5PsXErvw9/SzvlrvD35CeeV
hc3UfG05ybHlQyU/+J6bdF/uRfUqoREGmtLKfnh5sEPDIxLePkjrkU3dwG5IBU12ooFCWAAxAChjVR7If7zapcJ/d77PuStWAKVCFSCxNohN1taWZGLrmx0uwDqH4ecc
K5iBU6SvV2qfj9rr7RBjjFZiBdOJomAoagArrTXe2k+ofx/IjcfZulGdllzN2bIhJK56Cit8DdupOsJuiMB+udsm0BdGRxdnWwLW+GoC7FMp0NHl4hV+6CEUEFfA9BWI
EEjwZmKKruYPWd1dM7c82SohWr8aEj8Ut+FXvFHQYklEzT0oyXTDP3O3HuCR8jurlm75U5xNfcFRCb8+fAVlbQNc/ym1oV+tiNXmy5mFVqlNRZ+U6O6Y6JkoX4rkIsHu
nVKVIEL8XeW5kz67RCaumsP9cwMJhH+5aPa4ZY6tsAN9yU0obNpd43kpJAHURUTv1OZUiUsNejmSRenG/6voFF3ofLBcjR5HIjvkFb0J5J9EmLwdyAG0mXQLzprBjXAR
ZXreKamRSYmYBeinhjRWscb5vP97WRhTz9+OcYfmu+kdBhfgXiEOA5Z7DEzaBh+m1OzsQTR8yE6r0XWhamfFgqQ8eNZJVW4SvMf3WoVlJRzyaEFzvPAxy0ncyku7CJGQ
HP4zV2M1IoGVwHxyAw6dhPoIaQWHd3+SJvYbN0nOxHyrzb/AynZATD0UU34wI94v//Krb8KTvq3WnYEkQrn+W0WvF9QOZSO1lXFnbtpIP0p9wnYH8oEedMJu52vHD+lN
NbH/Lf1ubAYycdtnqnkWC8sKliFbXYeY5iJ/wIRV4+sN1SvZuHmRaJ05ESnlXpVk2RBscFu2WQAki4Zzq4S54p4OWt2R0kl90fh6yO5reZc4W6Murz3KEGL0QhRWHMG4
SPvd/+WkIkvIz2mpxXG69bwomV8Y718JfOehOBTTzBYrrYKzsrrF9YgVcHttKc2ic+234wdfBvLMp1KxjP2KEYbU+ZzG0ooB4Bzwny5hn3IZxwVBnf5Mh4EYwFfRyMFw
0ZgeHqvUtRpgMyEYxIdJoz64IbBkhwbxznolj3lpwP7KRk+uqNOc1ggOpUBFJ/KYDxITdlGFFhwK18vcupdUwNQh47Ib397VXhfIfGNFccKbOUap1MyJnn5F86lpAZ3c
0odWf0oZXvQogAnjzcqYIwfzGpis5FS5sy4kkYYRbmdFu0dmMVyRHFA5ttgzs2CRxOEmK231JHwjOQcj0XllP6wccFc5z0CU95p4wHKz3cVv6JFtbH/XYzHeM+2IetPG
ch/swlm5VwN0cu2SFIjdelUBghVACaljsB4yYRSlpGxhEpEzeBIbsqJEvrOYZRqQcX3tWcgKtNaqAE/FnGKK7Ntzm0TE7rx1t5y8YYP8kvBwR93uflU4nTYilbQoz2IS
7IGjYAxnMkVeFC94CeN4SLeC9qRypeJh0PK7iGzlMTeWtWl88tju05e2CJhs/sYHwZDT9/IHIvyD192yB4joAtNoeByAw5U0cUbMFzWvfayxj3ODI7x9JRbPvOdd+KMh
RCO0U8BzelxgkmDQeiQgD0wo1lDjotkcHtO/rGcRUsZtdd4IN0BUOfYHPq3LKjijL9VH5Db9xi42L4An+j9XI9O+XeZFB6pBsLTtbbHm2EsEbT+JWUaZ5h6JBcOSCWqv
+6A9HMGTIi9JYoXnS/DITt6WMLWxWJw83SdCadwk0mOh5K2gkpLd9c2bbwQiCzu0zSi3XbsvcMiwEWJZAZVJrAyiCkgqx041kHhwnRbsTeo1T9HCAWV5nnTFcyo1p9Ob
RsBY1aiiVdjABzfB7QdRahILjJlZBciRoWI/UXm4P37p282QWRgg3RpP9GQhnzoJqwOQ/Wosj7FsPbemyWzGJcVNAf634x0IHfNNuLL9McWXWgMu3yjCpJgqAbCnXOnN
Hd7GQo6OKOrAjQfI7mZXSVQcsye0b1z7q0xo+vrF5Fahr61f6v8zEFZcsF/UZH+B/Cr8BGb76EPIpJjWoMrI/mMWApUiC1FdySclVQTEL99Tp9JE2ryOGc3i1H1yRd9/
mPWfxkBysr42rOMON8zM5WJsgTE9nxmdx7l5pLeiovZgRUOZNyX2cy2krz77IWZKssio4SrjOQhGDGsRlnWm3VAEo/7yiVsImDr/sNPPkDsPpAI7xsZhdWdTHWTpnwvW
RcktgQnepA9wiYGgHqmEW/9lcN80rzSXGZCX7h+t1T77Tg63Qavujp+BZD5CIoF2gmMtwoJzKsgG7QQ2g9CoHPfuJSPRUuajAQVGjO6PLMHbhE1BdRepICz5/y5oXxmu
e/OY1KxMdeQ3sh+Z+R5xEa0dpptURE5oFLSU57SzkgTctHXdgRY3DB5fymA6BplaJmqkV/Rq0gw7CtTeuA/BvKTvP8/TUD4zY/U1hRFLzQV6x6sWCbraNEyplIq44icL
6uaipK9rNDNjtAdzlvSD/uk7E8p93yb856YRf/B7WXhTc+Y6Ry5+AxiKqMaRSzqcwK0G3QTpX3oe/SsttGbd3YpdQaJoGj7rpq/PLCPx6lH0WXUCPNGv9KR7yHMO5oip
+tNzPvSUrrEczX1fF3QabpsKflz+GzWyWogflmc7HgRjHfQ68dPt04AWg6QKAKRVYbD0+hCv/9SJRqOD5DeCRKJZIWUfkZVwdRPxaUxr8EUPnyGr42gqaraU9I3tbvRY
QsvAmyYWpJoYc25McBGn6aqTIALvZTPPEgJKFLkIlcQCr22aBdEMGzXk4cHFfLrUnGoY20yMcymKZHDPKHtmivNmtcHN6OS1iowyxa7q3pfTjp9DZqXx9A7YJH9QoP5e
GoMShSpi0EbW9w9deHokgQZ/dGVVz5byM7von8k7pye0SRRUggaYcR+Yo05hrZFo21W+O29JR2iAg2yhvaX/YAHn3TmCE9cY5kayMP++nG/yzQfZVvBRbIH8g4cIITVM
hqqfDdy1Zhxj83n6xw9PlZSYHr9Sdo8b54p9rqb42zedB/woAGLfa5VshXGhtj5uZY2i3gYwKNR51u2Ex1XCwBX3VXJCv7E5d/snkk5vqQikWIwMDQVRRBKUfmswrD+y
Ur/ZG+VTDP9lZHMM/8TZnY1ELYiCHH0tBKt3LOTVXNOKEBAqbtnvHHiN9CBeDsjQv5QPK/cU9IfwqGl3ClnGkX61r+Nv6iZAyliZhJHQz6IHkhXt/nKLUjU30D7gL80L
k88qO2bvFmGquzGMcnZ5tciHME83wVNrXFUutoCtexBeSIHn1rrsU1KB+0bhY6ffIm4or0AS1Sf8wULcmFnLKDiIUr2I54dAsbBnfyu2fiGDZBzl+wPw6E7WHdKbAgVS
LAtf9s66Qi8VbrieH3mthp3SaccFSzRcL2G4Z1IjbgeBSNVLgEbQEKtyz/UUPEs2Q+yXMqVRaXRPEyY/D9AmZ5XJUXgQunmBpAu08Ah8XWTPxHA9lRwfcSDSCEHMpchT
4zFDsRMGBDeMZ4EXlBWZwVu211+6pU7ZGDVGncH+RxE94kjs5PzOi64U8VrzwxMNSErS+iRbXDedeqp/ckqUMcaZsJi+kwhCtz3x6rTIdTNi46IQ90M5BKbQoUnmKu88
2JQ+4WN466fLWZWySjurzdJX7bf0ecjVFUHBnkec0IBvYD8PBbYonWUcGvIQiLroV8oZuD4F7gE/eXa8xiIsiXadfq+/SjgJBn9JxztEt763aXsomv5864R6p7AZuzbG
A+e4C7ntd0DJJoUOCflB17pwUDHmU0KrOyzbW5cdW0cHqFnFZ6G9CMIp1dSvzuzPhVGaQoEunTTqa1wZfPwbEfDjZuAHmeuQfdfr+WYK1jPYkD8tiz4d4ZZCz5yWN689
uZbxjQwMTBfpx/isBbFMMfn8WL4FlJplsu4VKOXJpbDXSpbeDI7L11NQcaVWv8qOBTMivkNwJWCF/EZS05zYXFLaXGPJ+X5W4ws6NUiH6kJ6gOVLNj1RbU0I27NSv2x0
neUZ4YwC3x0JzWJK1QfvDuRJar7jVMrCAYEuS85dYXXlIIdmmoaLmaa/J9lfTqQxWOdHHMnFZJ055n5GHeF4iPOvaAW7m/O3uipIHDjmWw6WPOHS+OtlphHIMgi0JbI0
iz4J4p+FrkZi1bPXqtvc5Zr/ub+wVwq/2QweetnpGvQC5DPgqKES7sSEaDigh4p+Y0yjelqn9a94E/WjOydYfCKCzaIBdwrVLnHNZBOmU5q8x7D2MDtKmyjlgaZeeBZW
kfe9CSp4sHAKevudhUjxn1vfHz92gluyLYIIZOj/7fpQGHa5LTyjSiHWnMeWGEBaDVEpPp386aVY7/U1QbK9BjdEQMq8n+bBCMIhHcMn/xS0Vnj36jnlBsVMUDQLQMPI
rz5Kl84L0/MJW/ECcyc7TKhcuQtjPLzaOWX0pwF2kjEn1zEagMlMY6JbDzzuhbAypH/hZl2xsTCNf+nlwct5HFGvCjPbszbTZSDlaOc/l030e2VbxQwd0uw5qrp93t21
Ytd9MUJu4dmhjh6ZozDY1vlBhMF+MweaCqvlhoSqpC8bZKiA7w0Z+GY7hJIC6fUc3BxsH28BCInAmLH+XDz8I1C8YmqpMSFG4qC+DliNCeEjCSZ00l+hg9+m/Ju6/xgM
N0Gmb3aTjZ/jVY8S4by1g7+EjncfY0qm7DKtjXZE7AamXHbu0mXNxsEaLQBOTjxKLILLxxBaPIFxqS5FkKPAfUN6+a+j8aToFP1DmbZe/7ZPmrPLbgqM12K4vETm4pXl
O1giBikD6GEAOZvl6lFjiF6+vh30uvS8islP7Xr+xCkMj0UF9d4/etYIMcT1UNXH1g3HDW9My/WL9uSCh8ohnlxIN+pZecPI+LwhLJWuQvNUIpOMfrv7k6KdYvmFHQFq
7zHZAVzTg+g4ellYGBZ270YbmVl6uSXcTL1uTeqmVxX43n1AILy96VwqFn/2dMY7zZeVQWa4lnxsEij+/+yMKDdbwr3MBAwYT5vvfkaISMZqeuzE6HloaBl2scQuKkXy
AHAsQ9gYcWvjm0Z5XAnFVylUo20+8StgCrkeg5pvDXQnJbhGL9prXMiqPn87s/l7/4TWw5AkBuVqFBaY++79EMIl0itlCQhQPLNiiN48XXIEgWFSctn80R9uf6pZ1+1G
fTBMo2ff7zYwGg1UF8MfMQN6eoa59DJa+K4TKxpj2JeBXVRcwt/y+vrv7IVXW+9w9mzUsOEeElXrGZWGniT8JSQIGEwX37KmPIR1tspFSZXWm4hxIJQ8IOgxzQgPf3aJ
oZgfb1XIasuSgyAtZuCE9mNu7ho1d2UUZYGpvZwKWfVvJ1mOc44Mqqdv8y6sqpM8RTImjobDjEoeoxnqyM1hTz/7PCTq7MaXUtvqYG7MhkpQ7DYf473+Ec0efu8TfV5M
W29sYr0ETkwRmNkFiimLUd40yCRLKtpQgg0rKPmnRuAGn8CO8dvOQTFT6RyLIRZskxvPqRjL9z/7xjmqprpWgoAsQRjc4AF3f20sBqOB+BflnOW2otbzoqv+fNMVJGCe
OZe99UXobXBGJn7S2Y/D6uFrmVY5tKYSBoO4AUzPqk54G3GTsIeekIl1FPDnl0imQwHAdUnnwtyQxCW5vULA9tIfxks8IN+JZvg/ZMdU4UAt1nbWMLD5SgjWjcc7wBK0
a7GoHOrZkaaMIwr53GAVSOHB1LmoqLGVr+I5K4qntN6NzgzzMe+WFhM8lHPnleyEJHhvzUloE3zU8s7YTUHHGinzwtUJ1R5QJ4RHuySmmxYi9Z1agsdn88aAhS5Wl1Fe
60E0cu/j0P91+D5hWHTPOEZLIo6jIBwM0KnTy94UvUmVKjhBf/a1gRebyPuMWSy7WXPEVj5dZdMaeDSmSeQRhFT5iwnnAdp77JQuFbl5+Ge3y6xo7rTbrlHkyRM8ZXxT
yS7KPlK3rCa7fupEYNAjX6xY6ALTn1aBWiavJPypglI9GtNpRLWjnPs/Crj55rWQWG7VwKlhsgm2A7MFMey6cy7kNN8Hr+uRwMj66BzKOec2w/zGo9W+cw+yOxdtCJEc
JGduy0+ACcscgNnk9VUxrutF03+0KX7eqqbxDZA9+0fWtefk11F75S8XWpX3QWqurM0O9hhA9wi+0svyUrzvMG1NcMpLEEB5J53lL4PT7AdgFMeT9/Y8eJHz7v70Hop7
iISGxSwRako8jXFHbzrGCzaX7GUFSVcrFanZeTp/1rrCuQ25ZQOSYwr+iYQQSyl/NZxKPKhStQf6lUyvEEprFjV0lhqzbVnMadutCX29DQGDnfTiUSldF2nGYNJTBYJy
qV04xbE2l+TGFt9+14dMLiwoFgoSkXYZc0+dSz94lrdDkduj1dX/9MkI2yGrG87E0FKo/BLffgoHzOZ/G1GR/rtHSOCuoNclIJX5B4oN4TPSO40OQzxpy/zGtsVWFhJF
qIRe4GUu7tsjzVh2qnE2uYhONsLWOiwNBpUR1u37EkWkX1TFKECqr0hu95Kd79JgegoX7E3YhfKNoWsuKxZyKLGJdkk/8ZXN86ftj4ZrZhTn+bzB+4dBzyHSJOWM6dxN
ihVhXvEk5iJ657+9ZQvITm2+LBX0we544955X1UMeJ9hwo0C8q9WB7vKR1vmNRjUTYCvLnndeGRewBdQkLc9Kp6UHEcYHwH75m6GZoImArYuP+n64TxYOksrUX848p3w
EvK6QthooFrWvFnnGgseWWy3Ts6WeL7PSoBvIR1AiezSL28GuzqRvh0WxYQR8fj2xnXexKAGQ/eCSfKWY+cOMntG+UsBshsHyNKebng4AZTwpH9EFVUvCqg+egjWp0Pn
XCy3OTflbwY9fOZ0OwUefAHFKIWs2oc+Qkksyu7DRY32ALjxXZUip5Jc8tIFI+1UESRzy3CieJY9r/PGfhHpjChIGNSRHLnekHd3UxeLEdTF5UsXnwhRV4t8Nk7tQlHi
XI+UAsoGGuMF0iAavWI1EYEyfclObFfZBbkK237z6T/Raiz9eb7N+wkqQaeKPBdQuFNenGCk5Qmmf5BI1OkcyeBVeuvrbzADt42swNp1DoKLMsT3MfXitFuLmu/b1FP0
wsIiF77g4PFM4RovhqO3zReLT7KOTvEP7MMwDlN6uaHVzYEFwxzywZySwmF5J1bOdcUhX1qqOrlmkyGGoXKmEaOAVcl+FQQM4yba/KzqVVenquMwhS5Gi8E3bNcIJ4PR
C9Agdv5jyZsGH1oa1XsC2CYSWHH6jJN3i0UW2JvggTGZZvn3K8LR12rhWqj9s5AvG+PoweyEeDW7RW+IG2hxrt/Cz0kEtr1oV1LhTV9nBX1XEbGTaOWPHEpecgmi07PG
pi7pSZbQOg2qB6E5fA7cvYTEZxR+wITU1TGspX939LSx7+NfIN/lp6fsTieLwUacTMKkaqSCWMAaAviD2A6LG/+vhbMADV9WGM4ruWhBD5ljkVisD1yaPUihCLXxyqRx
zgcKC0SY9BVZRZZveiFLF45JzRBQDQQOMf5vTn1jhETqTPgM3VykunQwFcYcynzBRe9egi1jxzZE8/vArQlUuF/kHY07BIvxU16weiwQs1eFJZwA1tVkzQr9o7fef7PJ
rOkJTtzVXGARn6ETKxJf0ez8idA4kRqQ4V5cQ0yIR1+UOa3tWKA9P3NOR/RORcQ7DXDvCWnFcHprDloE3oDSInQ4v9nORLUljtNDDttYBO9RLp5mki6nS67g3eX3epo2
giZyBNeAHJQE29WihJMewi/DxsLcRglg3hLB25EZmEzgwC+SPA3H8h9qKFnGPU5FvJ3caVMhAdr9t2QQF8N4OQT2xtlvVloZ+EmlfGbg27RAx/LzFc6FL54w9+D7VrsC
LDp4BvSJhZ/Btwjzd7/2B7XqFhLXvt/jO9ODb5AxbYHQjzXf4DyJOgoiLKgsMJsn5422FOkTtDtkcH3L/BI6/EOIxNjTNn0Z5NXjYNecQqkeSz03nbctHtTbT9kO6qUd
9Oy1qYvL3Ld47muy6xyv3OTJKWi9qpeQS5szlZJQSCmJkbt1tbnVEBuuvwyV9bG4HKUEwUNPaIpU3UZrHSDptJQTo0NavnkUgOquEU2Ui3JxuB2bX8hbvrHMk0DDFWOD
3esQZSzO4FBK2y4SVdqIsER/nKyNWDSbMvoCP5KopxiXAJfPhQwboji+VD6WFXXoch2Uyl9BAaNsNM8B8s+heFJd83jTmJuAaNAdxK12sXDstcIOKB/DE/VFtUas4t0B
MzuTutmr5uNzpo/XZNZonbu13rQMujur/vUPRkyw4BLP288ywr0LCVaWxiZZCOzu621LPNwF7TEu6WpEyhtIb8GHN5TlFsz8g7nORdEKVRD0IF5z10pi1Q1HOla22iZK
mubEGXTYGUkKPtB3a7i84zaWNSndkO7eB+HiWecdUeKuMc5uytX0/QC1xxOK2w4SCWylb3nWREUGgbt+JevYzalNffxCfaeXG3L+s6ySjyHdK7MCBVaibNeSm7Hb2/LR
mxmDtz7fOQ7ij9IejuyWbZB6Cr5yMffTZkQ44P4/sA1X7+ZY7JPXA8tTRzHs8iPXRWfd6CPyWlD81QbDcrj4L3g8qw0U4KTf4mz6TKSQ3noU7H7BH+hdLbrTlxzRi7Hv
R6uLr5WbhiS7VIQNRzInHvE+VaeoFd/pcwnfQCU5imZGF3hnxmFejpIFdApv2MVg/4DcKdQ6vOx1z7sH3GU7LMePS4H9KXXC/ZnqgE8F4gIoBU8oA5idal+c6mfpNDb5
AwY9F6rSLwdTBduxNoVG9fK3vwSrFD9KlKv2MtYDe04ne+tkmGdYQZ0hL7VqVHnlbJUrxOT4LlTPFL9xk/LWJBRzrJhNrIbRtRM5Yxe98v8WOGABt2cOf0wVE8l3zfI3
JE3pOFy+7G4QOqcy9iwWhGnvCs+TL9LIlMeeDlwDbAITSCblenJk9vkxz1wW5cLYf2ls3qkHm407A+haCRV+BY5QJYNGiT8nEqf2tme3/edVc8m44skLekm1KbguOFBk
149QKSVH8D6EWuRFXt0MbhUcakoTJh7i8ybjtSWugWuISpfbCNmP3/SUy6hIMczmXsHkxanrr6++y2x3Rud49dukVuXXn647CjYCApQkipD/LAof77QChgBtdpzF5+3e
KphoDkdkTrU4GR3+rrrNMD2BcZEcgxpYcf8PaDzF0GtnCFNMmhSPEQ/N5bnMkVj3k4rSJkXUpqCvjwsCPj2YjKNcgU67L0nk4SlSmgcZNpnYeRPjXC/gDXoNVKQkTvn2
Jj3g+swVyH1sKy9JdMt/0v4FiHk7EpDqjkSiXnUIxJhWsMZ2bGfvgKqLbwtNW4Ag9Z2oOCSxXEAb56Gbup5REu4sijwkpKQF/KNixtCeT+bO86d7tTuc0oFRPFfdBt0e
Vyam0I23B6jdqIVqXw88M4VuUMf/Yb2gHo/uyJ//mFa7C8OJ9tLB8WAosFoj+P3fneihZkum4739apOVmmatOOjIp3LRBtG085WNpYH9cj4FxvgQg0MOA7l4YiYGuel5
IE4EY4+CXYO+1MNRrVODql/FDsWSdHhFpwg9ZvertWzMrUNiVX0m/zC+HWMLdy+6pnHfRlKWyD+4NJCIABri3PcgvHuTQ8AgsgFSdL+OwhLT3AmQPNjBNlHlCVuGB/dH
4fqNKjr9Jl9rRelBp30w3s3NleK4ikO3apEQVg7aJ603oK6TOtA8xTR64x9EdEpxnmRHTdJ8YDTg9bWuk6PYYZuP3mJfqaIWd458eMzMG1NoIfmuL3RuNvUidZm+3xCw
QmbLdpjFOwFTBRgW9vtyBgRRiA/I2TNSdtzSd0ICDENLHP7QtRmsiCm6JNJT5HqdDPP5Q+grX73YeDiypDy1xT6uvMYyLeYiCNpyNfqW+vR8Rn4YvnKtaQainj4N/Y1m
SO+FsrIkly6jAtpWCK/sTVaMfKuTfjvtLTAZRMwxzidGz9ztdeT/OFqy2dof9Fu+z8LznwPImpDOrE7gbxYbfBGDGtAj1Pr5hOGrMEruU6x6AhpfloAF5qHT/lyPAtZB
LB0z8+/rkhZM5fb9I19syA1PP4AM9mBoo6xSafORzz+v1kLx6eFtlfSp1ErIYSWiFsT5//bL2fGfr/0jtRN/mBrR6lbCMX/mB1u7sJ+NUqMV9eTpYC+3odu+uR6IKwoQ
Rp7OYDRO1JvDL4pdWXU6rLKsZZkyCZ5glDKqqvHOMhyvYVwzgrgeVWUiRM7nOcyb/DutGkcRLITfNFiVXdRLFkqeCQ5IPR7WM2cTZefg3lhAWUcOZsMWJWNczGftEaqU
VUelWqvIpbwpQhqDt7Sii/tgZRYQffMJL1zALV9D5hQxX1T78ZfnGHTrNSOjzMTJR1zsZM73DOiKaChr0wb8nO5nnku2JtR4W1AEPZWjOm+uLxMrOC2KPECgFj6mgftI
vl34MpCx23pwKe51NHvvqxGHO6ArySsGBzPteojkFbysqVOeHq1vpfn5EaZ+P/mE5Rt4KJRe3m93WfItC9S+fgqLR9Wbvd9StUl5qRa6iLaZ1zTKQ8mAM6qE78X+/5tk
/1dAa2KMAysVPz0j0mnnkDNW1wBEmkDsRCduL6ljFu8fhFRFwOjMtr2DtaOIHpR9UqCF6D/BauVu/h6owXWlX4HNFZZgzae0ylr3jWTkcMTOSpJPcq7j5V139gU/Gy4s
SGfXDIjzsI2TQZ/t2vTNE8uNx/ckl4M2Jub9WuBPC90XZ1+4bYztmxv1GGCkX5jtAWu55Two9/RJiE+Oi9+E72whDdWot3KNprghZKlCQc25dRiQMVjIoNj8X9tfNitk
qlyepE1hry/EfxiObBEgIyyWtU1reXL9pagIU8hCLKzVziwCNHNChTAEQ0Uc4h9r0U3K4NkCYYr8GjxkGL7qUmdVtXrUv0h0Usa8qivL9yLv09Yiq3vTI7MjQI09rooB
oqzF78ks+4CNoGVue0krm4Vw35OXyJAFfwPiTxrYkbuSdXxqWvNOtiNn7Z0N3W1Thj6YSjq3xxeqxebwRK4g9H04TCudnqY+wxUZVVilFMCDpjOGAJYAY/QOYFCnBFSH
8vY2p2VNwsEgmJ+7MLD0KcKzy2gCgWxnKYMLyXv9hh6hwCSPd4L3av+mvSUrkeSLGNVdw1a7Lrf6zxAPNhuEigcT8L4BwNrsbWj6jBTZtugTtjLBI6CqZXkEHH6jDR+h
nqe6Zlrho+YfXZUMsKaGXruPzFJsVnHoqSyobmxNrfhkFplXtH/h4p4RM/O47994RJnhGJKroCioKnJF74S/zjg3oz34q6OS8D0UiJG8HqAaNN8+NzRNs5EVF5xeeLJD
1X59IQNsTRXcs0J895YYFtHQ4B+k5kZLb0JLZfgTdG3PlsruCiA3DzLpbK2kYbeBdd8m3KwDOt9M6FfnB1GbDLAkgNVarSfFmFc802ROAh26E0g6UeFZ1WkDVGZ13SQe
7h+xGXExarAFSMHn9EPjQNjiTl+2NTs4LaP7HeG0IevnEh7MXbL3rOB+ahXisbVmL3BIllvFebL3JvpecgR3DS+/tBQNFRDR9q7N3g+WgOKufxsiyQGefjrs70kB9ubU
sL3Ku5w/ywvAtcKjUpvwIgz6SM+VGrCfX/zF6l96NuYRC5N3XbODmQbGiJRfLh0TzbrRQkFDuzFBL8dV2BX61HEq7KdmCY/Vd5MjR1BN7SvtLkYIe6zJtdMJ5vZQR3yh
mJ/pUyLr9MKc2dokF33wAD3DYi1eg6J4omENjj+qhLYG2mHBuuuHd8wLHcwsIoC2gYMLZxBEU38F7ZlG54ypiFvc58t044vu32CLFm0Djt+OI7AgKZYx7BbmE18q5WNZ
D7kgJpik+fcqIzRmD2mQ5UuwYea0qOpif56CyKi9Z+M4ZtJP5PjVrWIZfVgy2NwfjBHpZDQhLqIzH9PadvX4xXLb4d7HBC74bID45/1RSIM7Tqezdwz8V9139i+HmPjy
7PP2tCcZMS96vjLtjpKxGW8IxWLflT4O/kRmRF6EzW3ETzA3ycvne3KqN/PyRu8N5KmxsVU0SanXy/MX1mdCd5Bv0/JuKs6vKMfBVVGyLUx7//llp+YvoIHq25YvlcUP
HPM3k+x1zY/WtHAhSv23/66yAjP0FJjZNruedoMqucvo4yrSmPOYIM0VT975gfQnqrcQp3Qq3iLJpSM186RqNVFohZE5Gl6Xhid38d1ebsj5MAia26R/xLJPJ5oKlGXa
YJmyl9nUvyOquojnoog9ZsTmLqIBEJFWfmFNDhPDbJK2s3k38AVaaOHcbyaHrRDbs3MG31/qiyGN+9gBUh+OdhZkardW6d9n5avBXHZYILxA+zX5+Z49JUB/Vu04JDjY
M2TyRtiIusR0U6W/NUTyntwvMto7Fidhiizl/ImnmJnFXsMSgcN64N3f8BTaXUuPk0tcwaFvUAXcQ6qK4yx2lARgFtxF2AxXEyZxWR1Z/wgcnClghu/taP+7wQSdO3CZ
IIa7MyVAunC8H41L+JbO2J85sSOrSwo4JCUWJvVXQtqKksgPIjhZO4/YreDJNR9rU56Yonk449+Vw4RoDy73lPqyY3nzD3cpSBb3efu/iftnTNeVwqIYptV9lk4DaQwR
7UAyKwQrWbr/qfddNz8myh8T4cC9TZYc4ZGjN6SC7Nf2/C2byVdPrQHyXcDSq4mjY9eZA5KwWC/8930qMc3lbXkjwFPYD1Wewihhjyn+iLuwmfRyiEK5mGt1Nxo/NR0F
mhqX+ICi5Of+8Fw26V0PpIvUBdhNWbiDPjD92rzK53FKN+r9dP4iPl8ECUdH5N4QUSjWoC+cudS8dbmAKCv12Vluodn2qcFpCZ8R2QVxvOjHUWx8Nowxm10D5SdTF/Nl
LEqXETCORh811x5j7gF3CqZNsqImIxsWIEIZLL7qZozsyUS9dKZhGlQhu0h+DK8rAnskL0U/9rtkARHhnyQ7VbLkwmydJSnRrmKfTF2XHkw9Z9i+eXd8zm2MpxYUEzD3
BYIM8OmVuID0/7vhh7Kc9Euu3Tgm4hN+bl3l8Nt7KAT6daqphKH+8HmGXChyaHlzhX0T1vMcm8bbuzw4490DrFcsAUaTm0aVKVvtxiiu9411O17zw+nMNfa5Kq1TXSiT
wnmGq6kQ5Isfsf0WFZEPh7sGfbz63x6W4iqHCMA92QkUvb8VaWWiF92+kxfC9+oBorv4OKZd7DvHA71VftuqQNCrDN6OCxjDsx8cQRphbNTv45RgYFCVXURf9LPKFIRl
JRlxiBIJ8Mk8Xe4zszNL3lqn/BCMXIOYYw7eQURDqHmVN5wGRcSQiOMvzkttrNnk5UqChZG6SM0D9gJrr9kYEM6CZnLK0/EDzCjP1kp4WDZKETkTg7VKvN5wh8IFazZH
6ax4Rvgny/v+2bE/ju9QN1eoVydpnKXAWR1K2uaPDh4vtL//GU1rHFT7XUuObymUInWbuH5fSIlaxzlpPhB7fdtg8Kpehp/I/Fl1c3xAL7Fhyfto0WegUPPDwlfEnD4R
Rj6nJ/7xKfg6FW73C8lNSGR77BMV0f7QhCHyyDmFE9QZ1Z3w2HgbSRVzW9boC8oX6Uj4cd9NP2rWil9313HpykKoG2jaQMBgAHeNNL60gRQxMH3VQoBL7zbCqUtAnFSO
CHesMnhpkl99Tr5J+3y1gFTwWlD9WKIT7/j/HvckQBou6wAB4xHKeb/9SNm5Z4PR05vs4hd+bUY3Tbxj9CjjkuaQdoDgWmFli71//Pndq2SYuDbyKM2q9wxQJ3O544/R
1Vqgddq0fCS77gu2fg1sOm5bUZCw2HWrWkaIZS/V1QHi9LIOy98NddjLfHmK1wGrdujIdpz/DUAZ5jO7Kj7KFCBgswxK93QaTGecMEhP00qieYVhGtkPOSxLdMVdtvjL
hvoHZo9kf0/HSYA+R7o+u7S73t6ArnVuRNOES2EcNyUpp6/kQ+hSOOfzuAGKfl0Uftr0m7ifd/jvSq5XNBl9a8TeAsFfsEqkatq5n0B6sREGPRbGXRGFYV86+Gjkvpx0
FNO3HS56tVuIe/LGMR6nCMqcScA1b1EcD28kps7YZvP+vapeyUFoyiBIQgbKI1GzwqDdY96nuiqMiTQN1TAkkZmFKgo+k8Kow3lqbbQFoWYc4/3IRBGjItqzH9ZHa2B+
BCUQ7aMJY7K40tO9/0b3W7VPUi1/vjHOB6oPkrYyFfyjkjkkcTDJS9OxkofT2V6D0C2EwCkp4n2zHXHm19S3LaqL7M0sytieRZg42D1vZs2R1QB8U4zCsfUGyu/PvGE4
48YTsARp/NNEU4rLcCFMLMQEL7NvK9erUYVIDi2n5SMGBWutHupHsjnHdv+TUkpN77tue9facfFO5d6UhZAOxYGywUwdDE8dQWVMjxq7uSUvHUFcq0VYIWCCrVAf88c2
JemmAtrtRan5Dn9fQOd1d95CcKC5UVszgGCMjBDSxtUDZoB7peBa5cB9w2TqV8wdRK/1bjHRD0MZifA2kYVhfiWVfA9TBc4A4PP5jPoStU8RQS7vttRUm76RgHLfNb+F
/t15Fg7HBq+YOejnC2cFO5CkTUTKOkPr0dMv+eQSusbU8nFBbhUH8QMVb6pRXF7yPIxC+VlN7hc8Cr5ob5fsrfxS/ocbXe6P2eiNtQfkv9OhEZHthuPDD+U/0Ne0S2rH
4StIWqKR5oK7XYHNprGThTbrpB7loMe/kz3yK3IhHfCMeQa7WIxP+qQBu1tCiLSIE6ZBeUlOc+d8/amz4NyVV4SpdlD4amVwiRQd+naW2pGWcHGeCLg5A+cmLrwuRwVa
yTcjPesXl+cwglzWYIz3ztJY3ZdVkPimBZP1DTr0FsdUWQUzzON8up4tcZ44Z4/JOkWKb1/Pt4ipwqM7vaygasHYLPmQU6vxhbqK8ZkHPLiD/CaJd4R9oVKXWJf6uBRf
DkFoG5YIqtgemS3RroKL6lOUHIP6wdL6Od7UEEdYGjl4ZwvZglK9LhAtROMNnz8U8DTD/zM22DVuj05++5S7I/yQR4TOVBzKlh4CT8UgTMAVFQflQCqwUkatuUlx8j1U
C4KgNdruANv4AWOSkHxFIfjACgjv1a53UEcMvywaj/LqMh3GmNSmTJk4FpI6o6H8VquPPrFyiZgBvnC/ksbb+Ecn3ykSqASoItlBeYc4LfK2vD6anJMaYNVZQoFaL/GH
h7DzzJvRswZYo2sq9HVfkECYcRY0O1x0p1bDu2jjY3FndIcXhgN56iiR2PgG9KGCyNnfJqhc3FafqG205H8bZMP57O+zKJ2xkib9RDxmufHF+Rb+XQov2kivrowjx5f3
Q+e0UJKMWgdceTjRHsB6fnDRO1lQBD6+nCIobG9tzmqnN/j8WQGn2G+V7/TcmibuJ5URj1IVwwrLRNDrveGwf+lmIF2QUl7+iA4+dR9rNRfHNFf1HGyK8qUC4Gx4cSFO
+ikf8NduSlCnT7CCzXc4Q2H0OuoMOlt+BLntJIeaBNtRHpEonV3oLJxJk9rbOol2AfnWqxCZng7NPOlfgNgSfE8z1mVZg92Db1HJ46CoP59I1rNa6pwokU5+0sIZylmz
qXDm9Q8oX7b6n85LW/cp3aIHHqOiLYVhSCvBZsvUzX66fJKAPnG6FeuOBkFfzb/CJc73uZMj4gNTwLQlP1DBiCv/dewZxp4ydjT73f5icpJyTUCMHtqhq26JdM7Jrtfm
hhEq/9Fc3euSDKo7AMJM3QARhpV9+dpIaWc266suWP5g1R9vKB4l2fCTLMRvm/Pprww1wGobOZCiVSztmKv/TtCFGV2TQpKQhrAGmyEFROlAFhwQocAUOOtWR47nvVuZ
2wEaSSvYuDghBG8raxSSXpLw3JhRopSh5a8/IPsBrGAnzOX31jGnxpMsVWgt2y00+Z1LdNsWSDR+CQDKjuJtORDTcB1ofA6nhBRJvS2rK1nnvdN/sNbd9xwa8smyWBca
EhflNKWw+0Dts0zLxEFcZd8wRMZWsw0JZxnsd+QuMvT89dV1HtR/TE1Yk1wY/D+D5uA9ZuHHx51tcNQsi4+/fJvIBWcSQvD6wmCFXj7geCcfbKojxjzQgEFlx7a2i5LN
/e38yHdM5Gs81hRiWo4z31riE6LZFq7+ishSdRmt7wCb6L2N23gPVIefMH8jCY8zAh4sKq7ojkjBz5KWQdVZmVByn2DpnDRmGqs0N/YMgEw+E5SoqNdD2q5EsctBje9r
fWKOoD8a8ZoB2Xu4p8a8Rb4fgcl6R7F2hPGZDA8edOhmFbrfQWY2TUq//C5fccsTsdMlCBV0PODnRRZsaizovmyUz2a2wh2YAdhZbdv+WScjA+Xd8tkU415EDtX8jvRk
dTbdXOCk07qqs9VECIMipdaJBxPQ5ds7hzJxYgOSlWPNflK/YYFweYJuQdmuloEBeI8P7ZOMtY+LHvedP/CJFGQbFAmZgd/RSK4jxc/yRvjwAOOAaqEUKTYmJQIjCaIR
K/7OVU+/dOZk9rOst3j3AedDGZ25GCQJZqOWIm6yQYWUChkeVgxn8rmdF9U1Zu46BUoFD7hj7A5SobSIFTR5hoSr1wVlTi2tnDmjISYxhYm3msnS/8Zw6VLePnvCgbCS
siXGwZ8h/Zt9YEYm49Xu0lrkP7l+Cw7IkotyFIY42rMrvp00w91bIoL7rm3H5ioJQSblvb4qkRBvO0dAWbC6HsErWtvATzfIYWyVJSe6TKYAuVoYOhHuaBcMqxQYC+Kh
WDq8Wz7VJGi377cq6Eg4jr5OMyzV2JLS/sZrd/qNJJ5bGiTw5hK2Z4sk9AEzrg5VCHQSqxUpK/hRIVpddq9Gchc4vLiSaX5sgduc89t+37AOoEC9ZTPytMBby8xk5DLx
bmq9dqc64ATfv1Z3d75qoj8UWQksGXf1KydSnjHhvgSNuKDItRI6p9DZA/AHni1LN4mjY8t3e+T7lHcpgjtrZDpON00v6sC06gKDLYLxfZorhDjTAtInJ55Me4Tq5X+n
xbfPcVfvMUckl5RNDUWwHuV3/sJtkM6vDUZek0Z4hvh+xWTF9AM/cXjCRqZm60euaOsaUarSjmw/wHjfgfNKeHnVFDggaL52nfB8VqQUJ8gBClqWNFnoRUkUHXDR0g7P
pLGxKqNeP6PG27+3W9Eb0mNmAe8LZ4rGT1UefnNv0ER5G/q2yf7hHXvxothshZ7loRSFes1vbwsCkkqzjK76u35Wq1lOps1mZkJAtAhxtSG7j7gHQ8rcVp9WyifQat0R
MTlPYElQTyvn2Kpuxk40Aw1Mr7hKJs2WzIxpsnKzYAnEbSyXGzoBdVLt9YmWE9SmI3xSpKasWLJmjrEtgDlgyIs8MCg7TmFNUXCNNjjf3llo4WufuyikItvzXLkY8LD7
GXHVAW+n2BvduhsJEHFCfdI30MIcCtHAIaFrWLbM31TaMp8MGu8O3DmcgDwlmkiO+lGH3PB57/8ifA4a7YacT2v8ZTeKHKZrkftr8YKqObdG9mkHBilzW+tUnOJF2C3d
HAJ/h8saek2cxb9ZGWUI7927Gk+A56iUUD3SzxfGUPrJThtqyXvDWej9PMLECzQpU1BzrTCJ4+5jvjt76CEXh91KGKD/+dERvDvGXdS/NYhWmz3HABvE3XYq43j2/fzA
XddbLkn56ZcQHEl9Mr0Aa1ImufJW/ugRjjQhpf/AQg6cglSdLPRFOqkGQirpSm8HTBwLKxkE6i40EGqIOnU0IPgqclnONmGUzlnb6L7gAXT2mlaXdXBAPv1Bg3fjJ7lN
BzBPqQ+R0AuZxEqjn1ziyCtjScg8KnXifHhOfkl+9KzmCxJI5oPf9CdQ3i05RjMm3whFbnS6KrYEFGhbe/nCFmDXtlQo42ErwDDvLxk17+1Gl3hofiQXI9Byo5ZiZQRo
CveD9q/KYo88i8zxns2+21FyB/0FCtGIxNLqascP7hioGqA1+I1faYj/vak0KzALeBxiu5CHLBvswIbHpPgL/N2NT0v9GwSBoz8J3GuFP/kGQEgt320APhEf9s+hxCQf
iXJ51zl3M+NIl3ox1pr6fJWzI0PSLJ4/xxwv2PY0F9p43FpTHZRK39Qt1JVSNJYIMFWTg5Fgs5eGNIJRYLZHwfEnFBJ7gnYIdxhhhZAXNmeY+bUYeunnGdbuNZP2drZ9
JSEpUbh3E5j0LhgbdFUI/u1LX2Jjj6w2WWukptAf9jZ+9Pf+QMQ8GEmSlwrrD56aDtbovS3nSZTVF0CbJrYzqcoUU6CKAOuYKXcCMbaS9VypvL5uttJFeVf3ngD2D2kk
YzehMMzpRqLbE6dT4ZEekfQPZ74dqok/x6egUmPFYBiACXwL9iIhPH8tjRD54RtKWqaPf1MjUY1AhUuAt06EInW/hLyalQ9PAJLlHVEsHu8TEvz8mpAKSImNuaoAWEyx
qwItwWIVfRJwyH2wUJ3dk7cUf8n5yT+1zn6mP/+TeE1CQhBgvdiK3EncA5Mmjf/dv+hQE7bbE6WYxIepO3iFlJzKG9hdCbur2BSTDF+MnF56YQQBOzXiEKHz3nGceW3P
TurAgl3/d3VtYWWZI2YeJkD65+NI8MvS6jIFzkvDZqMdQuAjMTBCPCzuLF+dGP79AQgjwvAoeLF7b6q7EojhMAAvAEi+zYvJMciuVMhK8+7IcNYM5hRkMMPj3gKOVa8p
nPKD3WBIMdTzMvNrfu6scXkvmOZITbOXmYNzO8R+epzpXx/YqfXYIo5GMLcXXrRbrD1/Vofc4pQMEGkc+3Yc9Ugxv63nAiF1dnTayaYxLorvkEoJ1OuriDOit3kdolFS
CLzyg+DrA6voGqMOvIbHw+R3FI68SUgE/GBXsPAYo6kOeNbV6SuTs8EypC/6UA+7TQRN+XXm+UCLGAFV+0BgRB1pfF8PSwfnqqC42Bx+uo6rZ+EFt3xnq5L0MfgFQ49S
OOeIR4nfKAAEDztS+jGPFkPCPD3/Tey7z2jXvU6mXkAVeFZe/UWkXrjOtCExEgEcH51R/PxKXcSZ6MFoHeJxoMTCrMLTLf4oF7LED5XOPUh2vEX3dhatLLXJULBFertl
YjXwQtPEc9wqtU25C6N0hGbrKuloFH/Toi1ZvnRrfLaGV4CxUmpS9oF9l99XbH/6XdMSnJy45+0vblkULvIOYRf2eDYHd/gYHA+nLx+rrSKRzHSbCRsn0yynvgkTgEW4
xNQZyxWG+yJGDbdIe20MtntGbHD7gvNliE+pO86sAOHEet4sJEPLJlsLflM0QBzQo5XkcWi0CfVsvGpnthLukL6dLwAPVK5nAU+yzqcwdmVnZyPGSd4stqv0bSFMHw8+
XsPL2gGoajgxy/N5QmC2ZHMlukxTnzgdyzuU9wGR0ZWQyxkpsf+WMm3M51PHkjyh3faLpst6SsaZ8cTkjavHz9DJT7CV35gcQp+OHZc5CCb+0UZbPXJ0/hE4fnneUNHJ
T5GJNcZsvVdCaYHACxZ4/G0Ve699FD2pd47Y6aiAj03rAEmtUVC41RPkMFWtc+Vsc1n7pe1w9GkE+iR78OlvkxsrMS0stD9/KTxybUSswRcxehzkRvXp3wjAwsDIH2Wn
YUuMc0mM09jvoRI3LzxwfTGnyBl2+VASiCO/DRsZt/yFU+lTNSUAtCZ0weVCmGnP9GiutLjNwD/N9XNel5FqWRtrlOr7q+lW4GzloOn+WEaWNZ0Yra+QLPQEBlgULspZ
m0daK4Nteq7J/f2hYSu3PdzaaNSdq9j4RevKnB+JS9MsAZyQokUGMLorU6WdqlR+19xjkCDhUyjAzIxjj5OO8f0QBkDacRDR3ljQadj2PGGrHrIhK2Rug74hy6CCTz6n
bNXexyqN4CQXLQMh7H6fPzr+zyuctkUcatUYxJfKiBSp5sI6nOS2uNf0m/prOakniRnaioqxhYf46FRfDsHBFnnyxL8hMGmGy1lgQCK/0t2H+K94eQY8uNe+q5Kx3Rot
8Ylfe8U7/Zf5cbkqagPUEozlNr/ImveSQHH1A0OU642yIkAccQc7ffVFfMNZF7buEiRvJEGL1eptLeekgA0FpB5tNStilLP3srqiSTlQzPCn8Uc8tTOeFNHHv9kVPGzb
Ktie2M23y3BMnU3Lk2afLgMkXEw48cfvR0h2oXphZ8Sqsm7sdSEk3IjYCBqaAjOlAigNVBjE2QlShpQs5zYeyyOIIXTlo3TbEwfbqfNAlVAfatempyuVb1PJKgHhnZqs
D9SVEMBynUw6sGSooWS0sgnYU5irC2l+afvVnZF6XNLf67wtiO5y5CPu/PG+Mcwzc5564Z8pyLfVZ9jl54vlmdoX8wUhWpfNhpd/uYlNW0vtqR1CYNjSvmga0n31RjZ/
5ZP4y/aMft6LmdUmKISeaMIoP2F+dHHjhfWxDrfu5HplmLNAU4e5u9ZpvxDvtPX/Aem1ZOfSFkCfp5A1ukFqU/rrOvQ+7eElh1YKMZEUm9tgLbnNR4zqbrwiqWykBN2C
weRhBNde5qz+H9OjILQViYkaTEJ5qr1OdINw/ex+wqCgQp9j2VGtkiJmzWqs0wdeWU9bJnW31xnD4/trk1pMjFpQ5YVr1TJ1ugfVDKmAk+g8LbQYMTytf5gAERCXmIkA
oFS+w2ia1VrwfPM788j7fhxQlN6Jd+IAeRmYnAr3e0a4Z69PAv7lLc3epQ6hGEp+khrD9h4XHk+UHDIpESTx/GwHhP2vkCXx0xjukJ6i+U0tSRD6fRPiHWB5YCvBhPS2
uE1bjlx31tcybeUgy4iJxfBt/VjHwx+HUUOeKWyfcvHDUajG7BCCoMDmgoEhxlt2Jcwj+txsP6V2Yj4bk1YBSeAfGAn0xFW/I4FUarU9bup6+QNmUJB4O+njP5oXc3MZ
UoPtpclJxWXdTZRBH4GAipaciiG88+8KIyitrEzS4N8IG9wAh68mb/J68M1JleBlAZ+5/c/cPpAD6a2vCxFqtEPbi1mg4w0GOmDU1hwwcQy8K8zWLvGNrxNFc6MgCLon
vWs0QFeeI8WFkvbuRrUsVblCprWVWpsJrwMRmHCkORe6XWPGykSRnFOQucgDQ0qul2SJphGyxPPbe9nkBmdYKmIwaMkPZ8V+Hx2TLfI0KHOCcaU/APa4MiaoxHEukWyT
R911xjrQ007Mz30g+4LbhFZtkMjSvFWfik2BnAMPFSxgarwuew7Qlvgt/mv+qsf/7iQpUHRhIAyHx2DOVH+I3MaOsPHrHdFdO1k6BAVGeH36TqaA+f9HNN4dyTI+wkS+
Dwg05PHUKkV0oTkksY4JOX7mO9gXgEGX+IaL2KZQyzWVU7ZRLGhfYnUBKiBnS3xTEWIS9qzODGMCSefmCpzcbPTkFvqDYv+mqG3BUt6grCKoc33stkbpnDoENToNpLLI
zpOEqQjGNx/Eq8W1lpfbOwILxdExcktpj6181xMe0VnpoqR1N9XeQP/ZQ8Xi/SzUm+29H6qFhUAAlulVmecKPa3cUNuV/ry61laUSn9PySAroES5hGNSSFp/W06KhaZW
XXZ+LW9nR0YrVl8xVN45R9ayeoGynCZjxQYJJZKn3sn1nraTIxLx/fEghw4Iy5HQHWerqGyNSGCLmlHxnmSzWdtM9SuIRwxEKqiTe5qePQIlaqz06j6oXW2wBMm7A/NU
CCvGWui9JU7YNdnv0mytlEa078stZTCbaTg9ocSEh5YJP/39FDzRjzJ8TPHPcjxewmvWQ44BhXnSQNbDBHyF9nBiFVSaPok63Y+VzD6GD1jKzzPtRqlu9ZhQ5J8PFxOP
6mdRY4Vr80SHLDX+oYqULhTD7iGglf92IDkNICcHJUtjrvDcD5oIqedB1KjGjNVUvj+WBJ/tGaeV/u0Ss6mhpVg3XrCXg6uNugeyGQdTKFpZ02Bt8IjbmqJIHhn1MN24
bB6K8NGMOCVhmloPFGueFUDr/RLD+hidJiqYEpXS+d1qmCldQ6KukNFPqtc6Ik712V4qT7O/7PAXXsAqyjLXQTfmCr4RHQ3/2QUCnp6RYrMp2eZH+WPqNESvlJ4+vaDV
PF1URBk8Qar5qos+ao4EOa4gMkE6J6lHzExYrpcqpeNWOIsmvs+eOWZDQNpjqk4SKs0g4/J5DQY6HU6dQfmgaXITpArqo+4vDda2ICSYr1Don6LrtEydPennaZR1taJq
B0vqKHelxpRYCi6FNnoyjln2VafPAEv+usYsJrKlC8/ncgU/h01pojQ28qAwKX0YoW0cTQNM/ux+KS7T2LLzUpOcuRR/F9AXFhJC0Ig6BHEv9LHe+QwypXBs+N+5OBJQ
fbeA0Z5nEomA5Hw7Sk2IoGgzjzr8LFJ5Wqlw8Cn03fsCB4EVSWPY6Dq7jPZaz+8uPmztwztaN5mBiqPSkIEnKbyapuBMBM7xF89uolFgYnhZLO7UkUWbalGbLNGmsOdX
KRtLl+RUM+fqSHVECIRRzzvvfUI3/3HfpcnoD2rrNwXqXD+MfJSfBnZrsIkzRUrlyF6hvWxcoldFCEmfJxz6Wa+GTTw9e7SZni030pK8l4+esLb/f02dKivz1nFrCK1P
18MEGzeFS/ucACF+SnE2aeHP6FuRO7Jx8N764AN/fssBeJBDGGr18AcRf8E7STRI7X/R19JE7e+EH1fLYGhpSVtYNH3A3vaqa1plvL0sIgfc3F19O4NJBmsctm3vyuQC
tHlW4NE4FwPyRUBQoogOqXB86AKDXuAoaPBnqWlOS9IG7cCZUejZryWhoeL3x73D+7OWwl9IsK2J6XMNliBfApVs0QTxqWzG5EsREv85r9JhmV8G7wXFFiQ6G53i9rVq
6njjMp/6CwlxpnGDQnMomTj0WHvg+eYKSHe+a7XVkEQhWxZghFPSYS72/WjxLwVHOF4ERjhqU88kj+HnuHymfFUxXFvBaWaSUO/zzcCV6A4iP5SzH87nuy2upOL/8gBH
dOVZMsgrhze55T3gRI0nhQlcmBhC7NAgW4TDkVfXAHQIPqx4bsCI0/MVEAWhsjnRF15uUwlBbX8RK2NEW3NMiSPyFIeVLwKcpd4zWevTaQBCHZfw32vBayAvKzfaNI2b
pbtE1/ks0B3LPxexbj1uE20ofypQIdK5bu0Jaxxzg4nMzAfRUrlijbATvntgCoatuRA1Jj7SfUhxG+EjJgP0aGO9Y1NKmo/AUXbmzt09uW8BBUHJXLUInQm59jOuXAqq
XQGreNmsHoIGZO8i1CJVTgcSQqtHX/4HO4NV6m/6FUmh6vTJt9zPjfb9+12+7dcH9yiOnVdZlq+rxx0qIJd0akb6jwG3DQ6fEMOWYbkyZKUAoiB421/4SN90y6mYMoWX
Iu76F8CJrra2svF8G0eNrtOZoepCeyNftgVcAdu3GfM/FhYCZIrMYrRPAfCaV5UcgTc4KSURsq/5PCcQBu8icQCIWu2IZ3yo/7T31KIs0UKCJsRzEQK80w7rqAz9UxFO
JrgiJDGJIvjpD/LmKwvHjaA+1f2iBssBOGLkPtYE2HN+3RsXLVtAWoqxdwD3pFLjNkgEcl0ubIB2k1XX2xfxiajtJcS2BOPTM/dt9YY1G9vyEJ4P3hw3Q0B8RkzTEk1/
yFAlNApXNViDrTXPaAqArtG8Ac2hB3f1NmFl2DkVPL8V7Mb4V+DLuy6LGY5A4kkQcVedPKJJnokgxNkR1GG9Wr/pmXP36Tsy4MaVe88mnt04XzC1lisfHtN15wKjl4Nu
M8XcJeUw/ROaSC497m0wxypfwhlR1ny4R3G9cbcMF9fuNyCzg5J/G35JjJWfJMgzEYYboToMsiAD/G6es2lSwzGz7b22nTbs6hyAryasLgpadmDhF/tQi7cHEBhDfNM/
Vzl9U+D1X3X/gaEObiNJTyrK4zoYs2tjUEWeSa+QGSYO6lsNtjCefMKUUxnnU/M3JqOllt8Ss09J/Bvoqq70YCOhox75iUDqoA/VW4KXjy5GdTKsM4oDToXnbifRukEL
vRK3YYPdNruOIm27U+Nh6NQzkffauTrhri8g57LYVnIEwDeL6flgTAXu9sYGL6ePeTv9hWMgZkGokB7NJLuCM70Ng/52pznsOXNEMnvGkXS9pjT+LBUEnGMaUU4WEGmH
sRZJOeTG3vF6ZjAq8WPXyR8mxjYx5M23mNQx/M9RImv9AGidKYrm9lJ6unynUhchCTUSht6XPLbaokzx38WW4Lyfp+y/etJJi1KqP3ow1oXzh0M0AYLNvy/XevSWpAuK
o6cZgoUyrNdHjAeJTv7hNkT8HSpUvzTBPRGf7sYpUo1Kqb8zQK52k+VKgTqHdJ5d6e2ren8xSPo71RHCJ/+vK0HcIRp3OFgU5+4Uv9icXOB8OtuErpww8IuHDawM39OT
EEzjnhl007fqpi0TmSnE+F2wPNiKOeHnRBvtCn2iXB51aUOm4DE7fZtRa8jSNsGh9LMQ81HG5/98GfCZsNolD0sNC3fiuHilNnwfWlEsU4dKP+fDvcuFzcfYtAyhTdyf
M2aYt9Da/CI5kupiUECH7y705XbkmXX/t/9dRR4pzJj8upqJ1GVutuvwQkZKYp1H4jqcls3T/8W/Hj6DDNhVRzF3MGU1ii2tiV3ogIylRCCxqJ9KBQgW+LAUBJBKSAAo
nfr/XYS3u55U3pYpKVRYgFa1fHFMSBmACOjS1L19Jfz+22OrD/EO4D3yh8o1U5Hlyt3K70lz2uWCuboxsndU7kbLq7TuZYjg6lIVcW9FQr6Jck2mnAES1GveQ6Gp9fnY
k9PPEQDhLGuAEWvyDuFOYRpWre6Jybpp1TumnhqkH30XHJ0fkUV8z4auog6YX9DYQaEUvOvzLdYL7T36b3SO1k9zlpy8N+1SQa2baz1+8DMduEYqYn5qwiwFcKSV4ZRX
qrx27io2/JveArhbpSUWuyJwXWoJChX+dbfFv4aep7iVcfEbzDxISMRRCC0aDhdIXv+2zQPiR5d1RZJY7qeHRmMWAa+0qs7HhLEJXy7ULLX2O1szhTKOORhjEbwL81DF
ciSiF6e8YQtP+768vkh5Wn9kOppbXK35/zCQ/DYTbWGDieT3e/skVpIE/S27QlDCGrGYvT8ZNVnB/JLiieIzg4lPoP7sfBP4NMKpU7yGYNE4S102XO3NTdfdDXGMTDuh
gaREW1G0JPpt9VEKt/nP1DPagPOxfjjlzZRFCzVjQcvPIGjS2flfkTO2lx+SYldQFz7dSKuNeThCRQ1c8oKBPvTCKtcK6+YszH0WqIH3n5LVHcTvHGdgCdO3Q9Up6NKd
SBAp2X1py/0EgwODNbwelEbin3JQWMJVuswFGywDMg95LicIi574A7CmJmfmeZjDEYEo5Osk7p4omeqNBRBYtcBF9kZlU3dWFnRc7CzkrUV4956qZB96ydSbNMltdsk0
paqPTwD3VPLbk+0FtCmvMjlqBGWQEVDQo32TMRtuIc0yIxb5IQMk2MmNvQ95vVppTIP+VFoMFijavH5bCEkDFJOBp5E+ENLV5zBz8LemA+X/cdl0XxR69TKsCUFYrXvd
Ifk1cz7m498RGpnosOUVuOeqGpI0H46vAox7oVj9BbMfkS0uU5Bplv0JM3LmYF73bGvrbE8w6uUOBjcLd9tj5b8oDwcT5jwZ/OjBxah8QKNI8or4qA5tA7Nt4WbdBPVZ
xeesrarkH5L2Lkn0/oZcn2EYU5/AixmR5MR3CVYpmgYUYVsX2sQzaeBicRefGJar7D4esw66wGWz8pgShVupPXujcj1CnScAMr0rvbgme0v7ROIhBDHiRGmjHiLuuyOP
Ewm1W38GsybCHPiOtYsDkiqr/DqOC2Fm3APWIMJ02oGo3ujI1GqX9/Yu1fAB8YRvYqoQzoC3Qff/LIySFPSGlTd232OMdRrTObtNEQ2vdZZhpVWDt2Wru1NKUVjOvDSU
0X0Y/EXe4RQ43g7pfuZF2zDbQqRdOC+JscGTJYggt98ROV9ee3IvcXeyUVpE3HONj73UFT1sDhDdrNUKiXOmPnV06O2A8+outFirXEfsBh2z+UGev/zugedDx+clOY/1
udYgyFn5cYhmVoTDU3aEBSXMFfSJIR2UYr+TodwAPPTPlg61nvGf15aiJ5O4faZ3JIXi2nwf+9h2t6Opb4wILNIABKSX8Q2eld/Z/CfDVHFch8IIod33ekr6WWiXYkHH
+MqYzlJxVerpWM4/JY4eONMSwwiTFX2MyXzONR3b0kWmtOAElQQ2veMqgEANbkq+1q2cZ0f8MnysjEtt3DgKywxV1yROVPnaKTqUDzt1+17rbUakdHCk4sQ0rjipjLKl
ot26iGCOmd0rGPIQsSjbSOptRcGFDN3sfIsq8lxZTWQPxF7i0mLafKQ1Wr+IGwyKBS+kzPiHyHVSPNYdTHr25jEzHxyI6nwV46Z528p767LzFcqyoK9XyyEvEx2wY5EY
ULxRq+xe5JtAzeHukCW24XchW3XpPUiZMdjtnSNB9pHk74prwUULW3/884+E+afV9sQja1FSkQT1zE5AgRXdqN+BgT0KsJtWa5qXjoQQD8huDdGTEwQQeeVOYHHCZY/9
fx9n6Rv2DEupTncFNMACxCiigWtbURW1gcouikjUxufRLRCh8PuFeiGNMLhj0WukBwa8rmvtSkYDE0VsaKS6ZESuHkcjr5/IzVR1Rh+NzK2JEEPeAk2UkWJQV7IhMSHf
SpfULbPhOknUUHFmuc5/hDNKolP596EwzGSMHM9xDX8S+QWfMxvHHr7VNv+bQvWBoMTh8LGy4ACbS6EvzdQBMwLkMRR1eyBsCgR0d30M+yvaWyccre9mVSQbrs2MJMsS
CavAtFT6kPGo2OBH8DjRA7+wPblF3oVRMuTPADxluqm/4TlJfbZHw/iIPZ6BfX2E9HJjlzDYyzIApi/CCG6mY1VOkZMYSWwFp5Pe7+I/TfaRGwL9yL40R7PoRIWikuSB
4rBHqJYtIpJ4aPeedOhh4lDQUlysQgGAWavHqeAwOqAVHgx/R3GELECQEKqIEjoknmynsmLF4MUFoxC5J6W6T2zivtmuWjayMtzpYqW3icnaDgGCbNY+qQAstsOQo78I
4GD9CHK2yT+zBaKDx2KEDaXHW1rU/S7pUUCNAF+fK57Q4kYLoFYE/rY3TGcuXfHX5P73cr3RGpzWja95zzEarBPQJaWoIWtkGm31cdHaLvut1tD6skYT8P9yZi7ZD9s+
KryTOEKa8pOFE/BGejtvZ2BBqsOk4k39shpUppkMlFqVrarZsterh1Zg6c9z6nXA6TRQyi6VFQWJd8f0uAOeZzlPUO9OCDP0ozKfDkUDe+Y6MO3VNxvBYg1sxfrx2pks
xwoPSNO8oWHA/2r3p9ufsleGQfO2s9gdRs8Wuc9VDpZ94aGdshNj9wbqtzMT0oB7XcqrGw4EsMhTbewG3zRyV6R7uBIoOSDCgucBY3mLpgHsw1b6lyGHhGbnX1o3vh0x
1OSUvzAWuVqOv6GAEL2pGah8O6WI4vWPpXQmhMBPh2lH03ciBKy1YT66KxuWkIqeNENxOno8nFKZnjgdkj3BW9YyI/c7iXYDelL3nA2PqH9OH8sc1yT2iUw6rqMjAIpG
z8NN5znNs3hrSQn0hLuNv75S6kJIogPqNnLDguseNff3zW/rvzyNEIVa7p1eLFnAL3f8UbbyqIR+iF49HwnhBkisKzDC2ctJDrtGm/iqynqWTsfwquFf5ItJOEW1il/E
NNi32KHUoOnQjh3oDly/ORypfI93ESuEUYEGe7b+nl9S8/k6bVqaPnzU4Hx4XEMerY7uUaW9mWGus1L1/RdO/ZdHHgmPxkmRxNXhEWrS3JMq2o9VXr+wfQZUGwq0SCdg
XPVhmyTKg5rWLzDiVm3VRCL6JJYczoB7Zd/aBWAl8KV9N2edTu8ZTSbi6e/HNpin33MtgYoVw1plcmGk04bbKCSFFsTPfeYYKWSxzcc9MgQo4iPA9GkdCLooAAQE/Jzn
LrvLEIxfTKnOE2k7ztyr2aUVW1IJrZ+j67mjSJu5cPLfSpv3CGkFJbdThrgNOWT9f7NQbIsbXwzGZgF05UK+OrQ/CIY7mO89jjz3iBqbjYkcTK6ulNtFmiFw++ZwAnSv
qtZyfiSQEGWZxmxVWqJeaqyyMZE8eSqyuFtsutmp/ruoK6go8lG57Bk/NWfCGqQ3l/FiKsiDeCj1dlFjlCs8BJMf3WlcdyH0XlXf0bDoANm8KqpDwT0aQjR/t/tCIygm
Hyx44xsiJF6P5SiJdjKeLhM/iqDrIXjkAZj2GuqrN3nXNFF1RbKc3DGUSll5eNj82SPA0PqreRlvX4jAK6TvyNJ0yCVZ+atCoCk3zHTXuBe+IRDSskkbJ3XZ7+SWh2fa
xdKbPCc5euee6zO5nw0C+2BdVFV9/uyhv9wqOwZAmnsnuREVLxT8cVf/TLBL9zGRDkS/6rCJXg4yON37FfkAU+dujcuYZsM+1RCgHQ9/5Wcq0cE7W3RvurHrBeBu7IYJ
IEaS4tB0d6Vn8Rmbrj9VNbYT/sivmaavHkQ5Nivv9gcS4/sp58D3N1b0/Q1jGYJyVrA63CnZSOAxM8ofHFxsBmB6f0dJwHCWf4T4i0+Mx5yu9t/zo5XX6g7RjtpQiBh1
IW0lq3BKuqRD+BHTuGXM2671yUWzFui+yt7sL3cklCkens8kA2peFNlk40CCiXV+UVa3QdPTjxCHmvckN0VD1gueryZl7OjIWrmdc7oiYNKoi77/CYZ4MXJKGC/lmDFN
AGiqglwyU3liAiHTuBA0Ro7qMsjfsJZyfgpaJrTGB0qBhbP8nV8rBaeTQi9/nl+bkth7dNRTsdaY5lHmnbcw7bFh7/9MTYe9zn5L0E0PZgoysDDucg6HF3ADmyjyyIX6
JUu7ic1rRYOXmEVY+W6HSfnJj5oaNRcXqJRN4TfREhLl/iHFp/BVWyth5zmfEKQ+0tUV4eAeh/URPqKinZjYnM2AphQusMB/GcO8Fpc/Ajf5O5miKr7Zm+B9o/ZuTAyF
APB3ha3uhc8TVpD6CTJCfBx7O+CEIhtuxdKWhThve1J+K5LXX7riAQayModl+Rhvkr9XbeCogicMd6Je1qKVGxX0zeTcQ14GFZasMoStJgc9Q6K+2Gj+iabAOlM6Nm5I
2B5edF+ZOvUuzKdJo8V6LkTP4f8k8+7cW8Znmp1v/7Ug4x4wa1ct7RS7gNaRzgQjKk+V+bTPFt4xSZ4o8AvePBQ1AIS8lj8ZEbQd5k+ugZSq9u3duEQsfe32UEZ2rIX2
Mb07h3UvtsRyIIR285cfXzCqEvxxMGCCDNHuLSMq84ZofjSL/nhffN1BF1BoCM+bXy8tFBWcziV9aFY/ZyzJ22gwIlY8RZQA59lyR10mILbYpAhSHixWwruxLWOFI8RH
9dX6De3Plr53T/ZwuPrNtuhugsxBZeDBsgdPk8F0UVGg02jIoMHQv3Vt/iIPc24azkWpihh5LdQQCaafJKWcwo5ANeYX75APuEsJ0lzHs+h8ZWmuHvK6uu9PMxEVWGgF
cCbTnN+fVmPZ8RXCjSt533gAWs85xz5uQu5ZDjp+A0LsVLrBKft00re+WGjwhKzYf9DgEUgBdH3YVab/lVECTCZ1LbLF96oww9QLDn6sPXdgSQRRdpclNlYk04YpLOwq
UT3LnrTLaNgXyLZQDIlJPhCi5I0Mm0VSDswoOsNSQwRekxC5fVL4tQT8ghqV3ygvhIFAAgilMegPeTjzXLa5ADDRSpZ3bXK9ltq6N7fqos4g8heZqJ8M3WLgjMdxqNWX
lhuz1gbYV+y82ZvBPyF0Pv9q7Sdy8nPSemRmOFL9IIZtMT3M9h5JEIje54cWuJbuh5+HWHIEJlGdTVTZh7EjfCrcjpIZaPfiiGSiact0xJZIE6v76frz/8oQtsFv+ewF
56+tcYlBm5x8DvaOYkz0DCAy6+yOG4ur26bHIWqnZRZJmeZgv9A6oR2NWBOUdWjm0/loOyXJR6vzL9w2SylWrY6MQZOImoWP9I4Jgk2UgcwhIryICuuiXap8b7VrcGjH
1XYygmQ7nZBXle6F7vPjMws0AAnuSboBKAg7rrGIksvN9jAkxBCusAoR0sWUwXID9VC00pFtVDkphRxHSooFXSZlVysrUL7Ix8fXExtHI9Z9eoGuE70SR63pBZ2Gmvmq
5XlfOsjeHfbgspiyp9k91bi4pL9QI4hMo7hFf2LO6MrUNbEYUV4POmbK4dG3LkrRVGtWz/LhQNyS8x6WsstxWjO75xWCPtfDkNAvm3X2gLynPdt0PCA09rwzbL2WtKWw
E32wXPGiRgvMluHLHerFSeBrN+6V0s4webksqjntJToB/XJ+kqr+Zijyf37g3Homz0CvCilLNiOmQDX0jZnZywbd8ynLB6el/sm/1rjAxgKYKMxix0142fcZ1OfrgZRl
ZEcwFZPjEd/85VsrhiMDRV6WiH7MOUABzSCQf7oxu40bngwl6nIUKji0In5R4W5lLytPfVLTCVR8sX+RJQSAZS8C0tgDuMODkrndDHLuh7OcE2jFmy1H7OH5sojtyqxg
pLAVy7exQD3yHDqY0/VIAbln0Jy/s+x2sy86vjNXJmHo40yPavmFEWCO5TtwgK8KdK2sAzFcJVeWa12ubuMVsB24G+wERhJKbw15yyqJmxp33y+zZk/pIWP6FBQDJUay
OkZsVLROJRSelURxxBeB5EYWDT5GLPESjtOfopPZzS9b7rljrA0HwjgFzK4Pw3cYlhNsIIzxOoznB1ndBZ57DpEmeHypgw18SHnMM3QZPKbUT+waBk4lY02OIBd9kJta
Fo21S2pJEulXiL54A9ZugqzqPcPKYlRmJPSkAaG0clp2pl/p13vd9AJssFRICVELGFOfBsrnJWKbCEnHXYT8eEMRiIMA24wzXWiVRdf//ecLth3nYASVSIM9CBgO5UBn
dn5/tgQZbYQ/gjK9qvnM+u2F+81n/KLIWh7XwD6W7W3Tj+SSYlIog7dlyB53Pll4Tgka8L2Ip7aBzKvCKUuBU5232NmqfPRDcYhsYPIo/LciC1dNuEkI2HLdm3XBAKBJ
yS6ErsiqbHSOx4t+SpKMQ+bPad+nmO41xHxUMi1F+3+C/SMUYZVENbLsMH3U18AMV0AhtWAoRUYVCnGvJnQFH655zvVEwWKITwWv8oh9UfdaeCTACioMdTDQnk4FtrMg
PD3p4Md1558JtQAwvi9rknz6jOqs/Zk5PL8Vl3D1YeGKR//4KRj2+Znx1VhiZBM0DgEI4ngO/8lTFhRYYzeIcnj0v6/g+wKbllFTh2WQi43ej+56PE7KAnmYmlhVbL+x
CF7AQTdH3+hvDQ+zBlL+YudgA+z81U6S1UlJwFve2oUqT5s78LdInM4CdSpaPenxXvXEqdUiA34ilPHozZ27MJbeosh8nY4vb0+4BKOVgS1poC2K2O0bDUaBabL/UXxi
EgwEup45dfl6BUUKLWY1xMUpKk596TXmtuyNcfiMA46EDAvRrhVb0FZ3i83/v622bUWooe9Nk4kKjgO9aK+Qr0dF1+iDwnogzOXO8RCIW8LOny1O2LVLU0x6rpfQxdYu
7Z9YSXAPljD1TIvjjgm0JaXkBq+PcHH3gEpeFJChaeJb9YxmkNHF0pcCTNY3VRfdLy9xLO93vIZzdongl2vxhGggXeOGVhcej4Kzs0uZ3dYZdVujdu5jIGlPyJ4gGZKa
fdMlshGnieXxbD2mdrggTpawi6IneOq04xEng7XyT0FVbQqgKQlEFDSBY4wW/A5V5ZvdlOSHvm7JgTjG/nOWVQd2htCZ+S4z2354Ow1xKae3qS7T26j0FGdAvTuL3ByU
a1tcWL/9AZZyQI5moRcvZT0Hh0I5wEhpFJUaLI+9Umfz+DH2+FvGReY5TraZB9jWwgLnuolmgFAdbfHc4W6x2k7qzhHSdtR7gPIu2FVRCURrHNx2Du2t35kGYFNzq06k
XgiVlceLtOXoKuFhb/Noz/frBYI3S7w270cLEzwh0UqwHHgjFD29xv+dKPrCWhiKRkHcexFbPJ3Km1s81DqP31FOzwnOlpIrQO5cyeqmqhUZkvkrfTTiiVXyV8fr78iY
RlmgFO9tPxef+kqlvOv/Xt2IKzot+iyWXlL9hnevCmEgHzbgyAyhn1YErTyFYrb6bIwIwjKUCTTgpig7lY7G3AR+XyyoNbM0lmj9RZU15YB2ioqZz9iG5FJFs5jRexNC
Eo7jOV67UkX2QUJaFcPIQ2x3EDf1xupLEXHSkcC4/S/yHTDQhl7WTLYzAowMCPTt2ShvNPc8cGPj74WTJ4XopyMWo59xfaZwCg68EC5ALXJ5z5Oo7vsiskFub1F+Z2sy
hbEpZUxj49gPclXjPv/GVUHhMN7AY5G/bHBGZp8+PvdGkyJWOhmc7pwvyTkIr95qr0OEsDpIs1ioAk0IBVJ5yeu71exrrcAIYvjUHzhEnUCdkyO8cfl2EUf7fCGCjB+O
T+iU/w6xwqZwgVjWCLU+Q8P3tWjb6W9lJHRGd31JAkomfu36yzlTp/Ozc4X22CM2ptT5pKhuPP/GMtB3qzpHvAzsrwAieS/3r2EfY8lKZnNO5YXmDxDzBsjHpId3oGc1
j6YJxJORXtsOe7dON2eQrUOqz67051eOwpdA1xw31PDf7A5cA53XTb6H7ets4NuFGekJhLdPYM+nbNbE2CCc+2KRaLJrxnf+aN+HFf3OtrOhjviax36tX3PAnGJVeDK3
RgFI5hjJZgsKTPD7Gs04l6sQh+cyKGKfAsP1kuAStIUkmCNlJKHVbKBszhEIovK9qCzuLdOlKl+7NnQ3fg7gObMUlwkANgDCswrjeA6VDGgNOhOgHwC35nNw4lbat0ad
27i3o8ODxRwavXdZVayKviQECxrFmmBoyUbIUu0qGChVeCdK7pWDkLuHF66yPA+3SJgp8eKPPVokSmWkwdBkFC2Zrouq8BHK3ftvvFqQTkntpCJ0bjk8w9vTfEDZCRrZ
dnMFOm5Lvhp+7I2ilahthnSIFzWRlMozRBSHQb/3/H9m7PmqT7IvYr7++LSzZdqOdbApSVFH3eII8f5KDncBksJqCMv+hxNLhHuLGL20tODgMvNiGSBIKlz728V9X+CB
yMiPLjCZcFzib4udhnnPcZtyulA/ACq31+OZjvSaXQiAg9THl0qm+h+3pxiVNJ0kOcsnCgtbm3UDyntvfCZaAtPVHimgqIHDib6hzVWEJbzCik//hQWXV0Ajzv+kClVE
8BuQgXLttRHVE4idVeYewHqXTveDiw81gxU7+S/neVnRzIx03ZQOlxT6vi9gn9qL8XxurkEx0q6+ZmhNyNP4RxUxtj6iKVTMIrqA0G3IuoDAx5a/8qiYaL/Ez0PLKYNV
vWa6usjFkj77l9G6nMEcdUX6r+XmULHzy9zjbB0Il/kz+Mnn3HB7SnnS2nuP2LUG0UNrua7VKZ1Z9kvuOkiT74vIhiDg2oS5PMOoGovZBC2V0e5eXeh0MWJFno/G2TJk
JEOcR9EaEF1LG44tQfevYNjZ4Ba5A1sE2+tHCJZmc+wG+xrAJS2ecu3hBk1i05FqmpW6SgCwGLmrKTeWTe4i2qkjdtgXaqHoMe+4XhgLBkqXA1PvlyUdLDc0jNMWeVEP
p7eUUYJ5msz2U+T31RZWB/h9lmvYM9OMYSIcgEKeWev8LOdOTb86UuU6kOHpe+cQNrEVjxXTZt1NY63lZ7ZWotZaB9ByH/OGPIeZOYOS38oMfif0wPuWnikXa8B30egk
4aORf9pPMI/2aPUqkH/c461PlDkNampZV60R4nk7jvejhlUUQ3ey8pv4kfv/qHQJlfTwwPnrjC5Wc3AvHIQVPJLsBrrSBVTP7P1VCbCvY4Bct+5lEvWnwuyTHW3hGHlb
i5DDc4lIxb1Tvub7HhvR7ktF0DAI7XFGIdrEbwCD86Enr15S1V8wwY2Ok04dD1YDoF3puUYxN3nXw2EyLbhg+HnkXLY3FxMWi/mHD/PREaqcL7OD3hhAE5aQ2z8E8cDF
4qGnnkUg7Qbjg6X1+GKBzsJ5dAmsMqMozochUbVYZjC9EurUIg4tfgQ1GF9m7TC+d40WjBf05nzHt+ntdzg4xMZ3lTG7nDcJg6vFA7SAzI8Ix1dgfO2HAyDGfOOTbbgE
EEXoDJg/A9AUdQQfHe8TMWXHCKEKgpb/y53KRRs4fPobJlia+JUSDaFWW5Z4K4UriNzBSBf03JQq3/IDGJDiP0NUf7Hzf+JxUbFBQBdRzSraEf9eS1Msgz4bImZ3Bqdr
3P8wmCbKa09jKuckai0NxS/gP2g9FQRHwT2a7DPomTuQo0bGWwLJhUDrd0Ya52Cjvm5Y+NxTke2Ld+oft1tr2/ulWcw5S6DMktGv3/QbUXHuyc0AhFLu+e3vCM0kPUSL
mQ762kkK212Mb1GJz2ae5vGApd68nxXgiIPzwY4wr5Z4pVEQ7ssKJcxqI3kp0wabaIgBma5H0WIqL0ADODuCQT0mUvcK2ZUBJHZlNmE0/+amhyez/nb7T552xyJTtd89
oDIbmZx3gVFURrbLqyffgiVtuPaYgszNdBjFhti31KTDEErF02p/p/SNSTGEk40vkAZXFJ2rdlB/yOkffs6YGGei/T++VMDHKmj2hVfpcJupjH+28A79PaXRg0sWSCXf
O9rb5X6Dsbsq4LZnA6hBgluFkNTyPW+XOK/XZ0HNj/wXsZj0his8Ed5RVSyoY6TAUV/vu8U3jE14dbTo9HsJ3UxKl4UMto2xLfDGgldu4kQGpWmB49+XHJ8n5FeTI+ej
T8ABK1HBQgldCUcBfkvwE6mDhk9HxOUHsQBTkF4TQQp88dp5M7BWtGsw6x0PtbCoeFYGUvLfPHR3Znpz4QMHRIoBQr9sTIEPFEM1EeUWhQZPblFRNbC8MDBxoaCe2S+3
dC8N+dA6Hh51ZdH6bdCcI0kF6/CE+64xNnxHZhsHvFxvdSOXdRiKmoFrF22rLxb1yG0ZAqA5j3Ni6efSJp0tpCkEk685+V7BGi/EXCYzSjB1zJ5NC8/SIRxBWP05VrsC
OLw7LXyU+GWzltBLCLUPWdZKUM7dSVnixGUbmDogeOpoHiwfHQ7puYIdWK1XZSehPV89QiJZMMU4wahafovbaHn7zxTGuR8qEjK8hvtMLGK8zL43+6Nr33MLbb3Vi0Nk
fPtGTgScBk+FiDFckYP7HBCsQoIBxMfNNtjO4dCAY8D5JjTUVseko1c0xQLcD8gOtpDQXjr5f9haVDGQG07ODxINuyFjVsE1ZYR/Q3ncESGTy9eHn6UJgtMSfYt6Q8eS
4oISCp0MZE0Iv9ZkAW+WL7MhPQdyBx8SVC6nWOzqBPbV4lTcpQW+Gniu3TAaTiDKrynFXOFTITjz3yjUnc76VkedOIVtY5vUyuADcQkwkMPRJS1lScgYPF5HICHWrkM5
z3iKVgzsi8f6EdtY2RC6MTwFCEmpzXTV0B9AT8de+d/CPYK8jn0JWD5sbHb/wJV9oQ/VpGRq+26PwEqlWq6vY42JOWIHQbHJROYTIzZlYhz4yMofXScBLQp0oqYDDjcK
Y8PgNuouH+30rk7bLK3+RdPJJ/PpR+pw5vfOtBJhntGQoveoSsxhCHzYj4y8V6q+2xiKNzZIaaIfs+3x2q2SuXmfnvXppSFqNLAwQbC7o8ZUZwqfYG6pFcYh08CA2aSW
3veMhEA6wwGPPDticYT3FMKmCHTLY50Yv0JXCYVBjIKoYZLRSMm+itCtsDO9u7bem+OnwlzXb/UeiM/6FWPkTcKlwXUVQZyJwCNJ9LlhQ9zaEC1g38aXDoF5Pmy9Eogb
4N2QtK7qXXU8jLuQIPMk+uQ8UadPO0eDCCkmUAB8xWz5ppsM6tlvRdG2hmudCS6rMLOhGNZxcpKbPmmIY6OzR5aPrV5Z7CreTZzscxXymmvWLBSIYYe2qGqnqFbBzrGf
uTkAbldorzfY5ncSRc4S04+hxT2J67nY7UOKZnLRs4gbjncMLt4TTBjYveiIR8MDdm41QUSECRWbldldQprGuvSYnm5Jp1DjHLlkfKDoIqLcbZoRfvhzqafaPBsSxpNc
xzoy1z0h4qrMbzqtjpFK5bxGDsaV8y8foELeFZv8/O6q/3zPuXnG8Gu7aS3VMwMIfD5qoIbgu//+jnQknFeNpIXAOARxfb0Ie/acjfUGEWzRUXOm8s9gzKjfMzZ9nqYy
CT8PnIKHKc6dWK0iwzhL5yLB8XGE0hdJNOWClNJe+rpgcQLztOP2YFNH0luu+yeZrybXWHrPrNz05AIvy6CgXDZyeaWkE98aqh/fr30KUxKq1HE+OXdXjP/nE1hyeQRv
AuxfcFGZnG5f6JBZW3slWgACaurVuIzijWntK/8S8n66qmhflHNmh7ucFLkcdM128AuwWJPmEX3cKbY6I71N19v2zUWIGI9KgpgSNzwWaw1pHP4CtvUVsp1wrfrVCTDu
AUZNv8OUHVUXNDJP1M4ZEGDJ5hdUMGWmqrKETzQBgQ6qHKrvL0EgbMWMhlRbQ3/fyBF2xqdwCXAdg7H0LY58X0QA0NUYRJzRvrIpmF/4YHrQ4jc6/jZXEYCohoyMPSVg
abd2G0kh1CzAn5WKpM0Xrp8lqS8Gt4L+0jt6z0XtaYyv3enMRtNfpYD2xSi1ViKcSDvZIAdCKfsTEiS0HBb8lHJ0WiBcOXiRvLCDBMvclL4UFyauh+wmZzDboIAqS6MC
noNU7uPuZbNH7KIbaCYIZeoWiKGLomdfKSXCvkonYotWIYCjMObLwHovifrcDBcbWiPCs08yWoR9//1PUTsVVqM3FA6YL2xkCez3AJ+JSytJuSSTed1umOfDxcM0mM8y
yUiPR0NZ6xLVTn0u6mhM0NHuZ9REB8Wh0ptleMXy/9blxyLjfQDpOWq3WyQuhwVpleiq/p6zlDxbiU1p/p52MWS4bKxz5o5ENelQXUtUriysEmT0crxTQGmLKljINTaL
kQgMkimhAXhPx/wuVbkLh4gOw7tTkwZbWOxl/UocWjoOBRfXgf/5rd2P7yFuj76e8uTf3Yb70h+I/8BnwQfjDyGFRo/jRiPBGSvReM8Ejq469kDe26AbjXJEjUWFVRqQ
2dx8VNZg3cMCFkSxj6XQ6DqqL1aktiQQmZ9/6NFfSszd3GSYykJgt50HcJFqErbbyGkDNamS36zYtkc1M7jXXQQuKo58y5hx6JeD2BhMA2V0XjhQYPEl05tm++MvmB/z
23ItLdWt2OcCqFOXibiwo9EHs4hZi5ccFURoxYUE5h7KjIJgVmy6gJcmZcL4Nkq/zhCejKMEacu2DuZa90Dm4VZWA9dA35sFQpXbhBAqi9FcMxJrmHE8QrVCJt64HJMu
JaLVCfuPpRA7JrzV6nzPyedwwA3o6wnvYOFIphmHufDIdLi2a6DoWnQ5BBfZ4xNYoOV2Jq3vF7/G8Qmo61YWurB9ZPXqi8GPqGWkvOFIXYNYdUJ0u3xsntwYh5xrGi7Z
XKUlbS6ZtM+P1d4lR89QYIRjONZVF3AgZpXhZHvAjsojXF2ln3i01b2fLzQbGgxwkFTb1aF8n1oLUkFfZjNkaJUnhliTTsdrUK6BVN2kerbvpV3x3YQdTbHUvuFy5DTv
2Dj+T/kWk/VKghy3xs3aJpYy4g1rxrfpzzOAGSjY79N62fN6AjrDOskPLCAKw4/gcWqArlq+VX/HXF8UMYv4STvq35mrs/7qgCNFGhB/vh/YQIWNnQMfw25ZpuFt0aQC
+R6RwgE2ptAu7AHN0Y1wH60o6xa+rs10on7s4zrPkLKwjazqIFw2Di1Y7FdpY1IGfVqoC9i50/t0mL0Miw0EXzKwLUjnfDHYw/e2GyrphVFW4gQvNwsBnn4fUvieqYpM
0vJ+hxGuxBPXh+1TQ1R4xa1Wf6TLMNnlNMs6jYmjNFHMBPcMnt2Mm2Hu8KryOkxD1r7TOuRJVio1ZXY2bTnzqNYFUo2eUOcv0pn+02xt+YoLNc6u+MfCFKwig3DDW1rx
cmu8MRDYrMg2vQnTdPo2lzGqEz5WcoK1tjswp3tuV7encjO/3+pc80H+n9pZTz6nDMODoqhNHj536PeU2Ocm1P/HtMS1EItxYlUy+AsePmdfvL46XJ075edldCbwlFi+
7Ofytepv4YVfOy2Qhw98V0LaZp+TznQJYIKut/r/7ertYm4U3U6iQPBgkm+2RviWR+eA4SApFsurGbM1IlcuWRtwDP7WzZ8btJculOkEHNOvI3s5EYJQwagRuM7oKiSO
N9Xd/2tWMgCEC5+1Ds7hgtgM8rp8bWveuxITfuA55tZlJIXx1wkUsiZSdxzUwGF8u4YDLoWoYe+ZjJcgL7SSJV38PoYomfrhMTGCcs0woBDgurZZfizd4eZc82MJ//KW
AexvERjQTQgRZ5Z1XupJVGpQGWhGZb5NN3G93jctm5YwPDsU3zdqdvawXynzx9y6W4uqkAUnk7TBsrUE0i9WWxz0oDaUn1cHMOh1viBldf67mGAWBhrNrQOFKO7GrX8/
R/qTkoxvUpFIGCzG9NiuUYCWi+YktfkSsz9GQC8KLV/DVJBTnN+nehPkNLjJyFy0u1IQgO2YeYrYQltgctL7/jqici+53aMngFV08rxVDTtt7SV2Z+V5VqkOKcjKHqlB
eUM2eMPlKCyCP3wxXdrZtoI3/mX9hrx6jqtm6pQiK6qdqSUwDo2217Kb3APEKYkyla1ik+tyCcvAwrzJnBEvwhTtE+vvl2QstTr4bC6Z3JhkhYduHFUJPzT+NjP8fE6O
7UGpKhnALcXBG4cIQO9x6WSUKZqr2FYwy7sYfH8dIxivJuxfIxUoZ8G7zQDHERk+q4Kk15GyGBnCx6oLw/wNSZxxkfvNCenk91s1+dg5FYovLmdBXmQq/g7EMxkrpcVZ
bPgmK1RhILBHE6/2L+77RVFQMfMISt9qHPeQf5QlHt2Vd0cgShu0P+QBUN7zuTXz4KrXMtxvjwBEF49+4QYyghqi7MNW2vNfb7Ln91FRWGpfgSc6wehx60xkr6mSpgx+
JUCBeORGAnAWEaRaKqHqAkBV98jCby38DsssYVievxvE279BZFjOPmkBJF53jc13tM5f58Zv4pf6M7mBouKieAgTQTl+T7aECz2YRv0bPUdx+lS2+qOKbE+NysK/RgIb
AAZU/nLOwmle/WdS/lGzfMp3tWabm1AXeru5SR5+m83LgmI8k5JceK1T+tsHME11437/o+iIEVsUIIrlCPC3KDsft/j3Izs7DTquqUqbn3UZIX3H0sCdgEgbjtjUHszO
8K1m+WZVVNSEq2aRo2Zso18Iczs8FIuwG6I/iJslRar9Yd5hKzCB63REpKXdu1mTdtG4K8GHPpcp7S4F09dQxWwfR52Iw0sJTiyGs6ph2gwPPBFzSRWyS2ShNHuDF53u
zeCzSE3jz3h94IJ9H/Guu1vVcH0Vmcrt/kHO2oteb3AsA6mcVQKxa/naxPOaumVDyMm3bak6NVk+AoqM1O+wW7P1lStpCUwyhvhbTsnLGBwNK+b/hRdSSoisV9TVz2q3
8sdIw2DZJSQkeBGowzTinkyn5GhGL1wTTRin1h6D4EjOVNvnzhqAUu6LSNCcP07i1hLcomkl1cotlyjnn+b24mqYEpHwHiBuvGRrAZAVq71bpUc7AHcyZreKVoHH2J/M
4Oe78kAhOJ7L42ffU1ygH0c8HYTH3gZQ7fB8fiqXWpWxRMw9P4TeYb0OpMDFn0sw/Ppt28rBV7ZeNh7nGiMA9IalgC3FooleiuTk/rFiMxOZtIVNVkwgCSPt32L3TBz4
NlWyYH2JGuowvc4Ix8CacWtXHBVb0AZq6md5Q0nOqB4VmeszGnvzbDM45MEyplb8OkakIfrtu0Ez+X8BwWAeImnYqgUX1Zyu+Mx/22KNVpmknJHj1A0Lgm75PenQLL0a
F8cBVGZrJfRwmY/4Fg4Z/ywaiYMe/b+kSp3/Z3psJ2CD7+5s0ODfVGEpYDU6H4VPBsuQDAkxrl6O7V6nK/U6jWpoVE5c6sEd++Wb7J16mLTIkyFPa3xEisi/0YugME5B
PkdzVrl35rgcsbTko9KWYgPbZrg5HlAR6iqDluZH2tgPl07lHvq+WT5wsuOHDMUWSOJh+0B3Kh9XIrFydpESKibJJScuZVmIwDLOgl7QVoOeJeRf6RXFFsQKzDbG1yDy
cDOnH7XBglgGIbJuUe9NDDpt7YVeAHuFWyHg7samssZvLtYmNhBJKTPrXK0YHywYOfKbeJFHH6mNhZdbCODyKsagq0Y7Dhkdp7HwMJ7yc/AssdCv7fPJcHWTISzk7Ygq
tV0Mcw0TX/DST9CL6qASSSQqXS4LJ1V324crMtlvRVCt5DISNW9g3bieXBulxkv/S9Mb4eNavxZksMlKe0uPt8pTTdBEdQwBq+795NQ58Hf3xigv35PfJRVRTM+2bJcr
IjXAYSpjHRx1jM3FhyW/O9k4zxBX8xudXGiXgY6Hk8ihgucOb+XoC8vMaMxPOusaCRptB94z1CrRjRTyH87vdQoeRMiwb876E86QeSqmBmh3GTJckZ9udMSoAw/wx2io
RHMuM1G9gbmamWwJJtYnJen8QTpuTGqWy3MPkNLS/GQt3SPqCYCEo87ayLdQ73SCzwfpuR277KzZJTtsKROOVOinn5GS6vu1rYUKvkpKoo0DyG+lyljV95X/R7CfTPoa
DzjU6nkdlJWNgdccF8CHWR00KOcgeXvWL5BdEbkrtg4GXoCLOQ8x+CEo6IlmPQi27cJZEVT97RChLzJkDBkD6svxc/SeLkBhRnEYiYS9uj1jMh8DyqZrXpCMJ8PLTyBb
HIgi2/HXMyc45AWWYfK0s5WXrTPbcxIY0FLkvGRO18R4DovmTLZ7+fQidB7J+gNpoUGb6h15jBxa5No+Z+HIVZ78m4J1W7ntHpEgQlkZEZ09XvNx+sgSxoqmPubu+1qs
GVfPZtyBGmcyzxLnExByHeqEu1JAtul8y4pfsjO8daazHahMxNIK/VLCTY1MUnFBABkzPmvMnnQub+T6xe8PZclQ2AXUOorHwmL9f0tMi6nEiQeZNVOOON+1d0rWHCru
YnbQJ+VPnd8ipe2KTONZTQFwAPLR+frBtcm0fVVLaTC/2k47rYTX9QL5ah9gxuea8fQgy4ZYhWia4LG8yT22GJiMG3BhA3bZ/ovpwKslEq85iyN3h/n5ysRfchCNZrim
Na2yDopWzxHKOkkDE78hHlbDy1rfkgbSiCfrJvzimNdfNaE0n/7tvRzjDsb7AJSLmERibAORsPty+YHd+aJGnd9jA4nvKACDYFEFz6EHlor9hWABJEjAeBZr2IP124U3
sZ/sZbvZqyiCinK/kmULSkVhwm4/qQHm/6Y178B54QcoKgbtJln1kzQBlTOFkKfXH1rA3kXgvzG62LJF1vAMSONj1WdO6z7gh4whGgZOe6cWIB8L1a7p5UCIo1+E8DNH
pMa58hk2Ga/UkdkK8OZmPDb44eJis3IHtiGHi3wJSpNkUd9Xn+F0JwMZ5sLIyxjxNVwzKA4BymJU7JcJpFkszjVBaotIOeR8ZHxGmSqomkqiVtMkkDpfJ9qi4xqlGxOr
/KyA8y1GnTWh98M0msmXU9y4oRIKvfti0Qprcv+bALxBphHi/kySVC1EbWK4PzVIVZwva7ubactyWF5W1l6L3K+ESN4xjHYRsLwbrr+4s96rFK+1KXrP6fnG5i9e+eyC
yCwJLsbfhYfzRbw64WfzZN6QAidAjPcjuaGgsbpqek2dNic5IcK2yBPZ/+B6DCEJ6vNLAL5irD6GxDF8mHqEQfhSAmiWkEksyI9LlP2a2a8qADlQfPKNOVzPQSoru3D0
F1CcfNc66anwc2BMrtkJJQF4A23c9bGkm2FFSUFm0cbPL4nui5p4O4QzfWvWcRYMx71oRRQvHMQdRHB3XNOnudmEuigfIle9+H4OV3gtUGGZJ2YnVrrLKAyxcqh8sW4I
7Uab9wkpL4m9NM8C5wEBJvD9ajem4rE2B3DESaags1iXCl6yXChY+rQ9c0eq8ER3i9ea0BFMKDSxvd7xBTxlAKEed168Davz1Z5mFz6GE5Ai1oU/rEOHfj6soN6CA+qA
Cqjr2XUjo5grCUUKWan/SDF+c4TUQIyCq0Gleu8sL7ZX2E7HZjV55+nkSdRagHUJe7zPb5ADM4SOXSKHt4LgmRK7NBtPSdCr6o8G58Fwcvm5ttEHZKjQlaEPZsOGptyF
83zuLNso971g5qg8rgtjbPmhNjRF1wCLUxuybM61GOLeYqomkp5rMPpM2N1Q3iefQ9n/8LDA7jfOqrHV5igcJq/GSciCfthy//qJkfEXr6fKEALJTy0c1H7n3WBw//y0
VBE+jY2hWaaeaql7Y0fL9UvEsKfA+hFkhLFCEiwjSEXhlVBqFyODg5CpXIUooLATdtkk8hac6k5ffEZTlcBNpG518ozNyEW0CcsK8M2kU8Q8aA73q7LqxzAnPSI46j0+
lwvKuz6dIQCm1xLIHOGhyShKAezkvRSH9fsJduOefLcWogk3+z2qbENwMNmwxiEv2Sf+x666oDradgaHc61WklWegN8WenDbBVs1Is4mC6hNVJsKJX7b422ylknEg+ue
0UEewi9lCRIAUCLyH1+E4irV9e4BZBBf0Bj/HRa01Jwld/xYP/bnuLBQzsr9b1yivceGnVsUzSi5d1NuJ2sUq+gD+JyXSyJ1dvSeGbfgpQerDBZiXlPBL6SpTsdadNHT
WEO4TavlrqnBfWPeuSCIH0aItwhP8ZoD3+4aIWRBtgrkSRARsc48rkbDGs+AX4d0SB1/aYVCvSrWL7Jsk9UdgJ5+YSovkA5Ftw3H+onSgiOYkcwW5XEa1y4w0BwV11bX
/2V40StVrVj2VuMYZQQi4cT2l9zT+RcxP1cJo8FsHJLGAN7mpWX25DcJpxELq6BBHt4dSLYTXdBxYEnDynGGbIyKQDLcVp6Z2SPXsS+qC294dbDbOZIJ9xXgw4Ihe6uD
+WHLLgslz2XXbUZLKyOwtxc+kcr3EnXhxhFEbj+643Nid2JVmm+oohZZg8apdpHNmBMb6/+Ug9rhU3Sw6qc8FVPjGrxVyHVPEEoq/moXFhraL1RFfaKwrIqrxuJgdVMv
bgs3gJlsx2R2O1o/+G4waLcerJmT+U8ENY4v8Yv35G7RUwSTJ8rFs2pYZsUbXHozlSSkkufH7KlsklpJ+qP725qdfg+M14unPuQTll5e1fbrl64cMK9Nv8UlTlEUJSCG
/C4UChuh9tBztOibzW8e68aQNj3zr9rtP+9rpW1DxoPnY0YpkfOgXaBamzgpCV99x1Pkp93om+UNkQYuz3bqFRydWPTty4VR36rw8PzqL0o42SV39pzGWgezmUgNCgkK
rFgc4IG4uupE537o4dWQ1oNTFCcd5EVUlfdzpcupWJaLG8OaDXpbwadZ4LWy9/0968pd2dLQcxcYoQRibsM1jI/C/alXmEjUkSXvwj+pFjGpEhFiM+nnyVaaJLJm8jIb
0jOG/clUCT+GFi5Iigo3dMkCcASWGL5rjvj4lmW3R/NtFe1DaDExxt9mZP6V0dzFXT3W8M7IwEBpJRe1LMyyFH9BQDPgPbpJ5sOk+Jx+ZL7m4VNH/zUclPNd4eTj9aZ7
6J2CODJV6Y8guHgoDdvqK466ltSf6ITixMGgyoc54tJhYVIlksXhWKOvkELzIsYLDGqythtxOqzGj/9vwPt5GgIbvtlupN3GRUPh7xnxHSafJPgSPCf02f/20eclEk5Y
tfMPLZ4RWcMrfWkWYx3MSLCe77oqf8O69+Pe5VNdSvqZ6Kp920pp+y8CBlpeheRcB9H1MLRLXhiJG31ga6X/3squ8ORKK/67F4qlRfUcYrP35jUdPClRPnuhtFKMzHvT
W2jwFX3UxV9FG5EIKJSoMOj9bFamlPzx0VvqPrWkQ+g+D0ITwbzoSK/elElmw3ERD94LhtVSESu31XqdpzIjn6uLl10JLIk5cQMhgXDYnAJ/7i0koknovciMqUQKNUJh
e8FtotcIcEhCPNMeaVcH0E3uZLFvrfC05UycRfhWSdsf6GQteuko0U0igPnzKQbmSeaW2x3rouuyR1XzdKZiXfgLaq5LBMzrkKn5qdqjMgxOZGPUE3J/GlUdawmA5aqS
qbChaXxXcLEz1E5anEKLGeoxk5rhN9boNy9qfDfdgrFCP/xvPT8tIyqzcJo1KQDXE37BW+eMX0fEgpuzpO+HBhEZ6z8oVT/YFkRz8MOUOJqmDZ17pzan6F/ykRcsJ0QZ
cV0KVi14upnQuaV1o0FnFzXxpnqSrvob2Nf7RANImOdCtxYiudKZaGWKrczKkbh/pgg+oM7u/HXnbm4v/1OXD+pqXUPF1jEc8pUB4bq+mYd1zx118fm+KRA1khMp9sHN
kuASSHdn6vHEef03Bdrs0RUU1xjuu9kZGH1euii0JFkGtuzXwkb3JkUHZeHdp2q6HnkQxaJibilh4oXktF6BLg3YqBu0bGOsD+pRVhqMCXxt/szZeCJtDIzFNceLhjtv
aSbP8+Xbyij9LouIGciglf/D2m1FJyQUihwd4XxpLbNebx0byyOKthkeTN1JULG2djQrV/f+IklQBNQkcohKJmeRSZH7nUcYdI3XvxNI21U6QFTZoZytyTvlNHvPwtcZ
JLeIZ55+C+a1P/j4u+qxF5ZftBS+M8CIqAsTbU22E6y0LAdNgFLdnyyjueUpiFjX1GrNpdKe64/IKhocsnkczDJVfPribLkOLZxEyfVKKHNVnXQ1QfJnvDTf1cu7LNan
e00K6IB6N45fRJugZAz5B4QS6y49dDUuWP8Ix+C1kYr9BwGK/6yik65HJXMsGmUWCRCSYflV4cgzJcY4FfUUNEAtNPmA/13GVvZMRoM1mnMOSg35gTqssUwFWsNZ4oUF
e/R1s3g61yfdsHeE5CozLsKZjgaVSnzLtGSGYGO28IcEEN5xnXzYv1O63FXcAZ+rliY3LK4SnkLumB2sxfgKLklmP36dYnOeOazhZl3tRqMGHM44VgipMsResWk2bkK/
mvstOOxoUZE6Mqx1oQ6CH2VZL0HlfqXWY1TZAGV1SqRdFDYWb2vt3S+rtd4OCTOuCFgTv+30E5ZnciEGKe62Pt3b3dxdMjTJCcPoOj4sYwPutwfBHUqFNDORz3wLNbjw
ytTMJTnQRoZpJw/MWuFDl1mUJhYv/xKc1/Fo8BLN540N7BFa0UJVjMtoldRHdzPpwFo3Lses9/Vu3oYg2JyTeFJhgR7NVBN82CH+7guB27WI8k6gtcJeMNe3NKu2WGfL
Zm6aM3f9eUjJrEhgki54XVGY7PX8yHy/KOeIphdJgcI5QRBaGGSC+R9QVxq01k5/ATJTevDtNmGsy+TRw6U/iWledoJkp71eVDDdOU0dwF73wJfBcJmffZS76n9xV/QO
U+cVhk9UoSyFKAE1JSURnK0bglt/y2Im9adAl8Lz3UHNEdEd/CElI1n6oukI8A56eveM6sffo0txuRIkKyKfk3FJQEVDW656A0psyY+ZYJx/kwTyTktOK2MX5PqfiOln
XUAPIdr2GkihEHsgYDY2WZNoMf+3GGKbtOAxvZ023QQwOur8nnhg4b6qqle7nOV0Adcd2/fXrePIU/qzskP/M8LQ6O7OSueib4MOKEAUs3hw5DKvJBv7lu2A1xSF7pto
yecfnPilB+sAfGlutzPvDrXXFoX5dIRxsRtRz+QsXFI+wGfZVkUI15Hk4ArlkVKK/xNw9BcFIkFMzK+8MMKpcCdP8G3OfoFNJd/5CsSR8t2LNayjsXhhM1g5QwwSXExY
k91G/w5/JHQindEU2v1nENzdwMH7qkZWAZAPG8jpGM5os+xp0zZX4Icuf+MqKwh02ngdAJZITR3/qrEnFMoh28QVSarOeuc99s734NtHAgHIVBkeGmtz8l/zoARrpCLF
wyc/IG09mKlfQWtrPmonmgH47qCAV9OJ7upxtwIx0GLFVlcrRNsU5nEe4FM7Ce7wij7eoN+7a2WNDRs0Q3kkkLdNrI+O1c05IgLpcWf/sUtkYg9+0RbplFrdbqoFKfhj
AOEhiMaEcLGLewbjFSOp0+ldbtJh0hLxLu36YSRn9445pKZxyzgKoWJ4gwPJ+Mlo9rulUL5LVAkoYfZtdgm2hoLrG49I0n7DOWu9sepGxAlwKqyQbm8AneFi3mGqXTcc
bS+pLLLv6KNAuYPJ54HQ2RXG834cOZ+3APU7Tn+Bl9kn4kDAQQYR1MnXUjFL0zwESwFV+i4VKZuOorD6Xf8c3L3k8H1aYxPt5EJR4L7XNM6ACUredi/fkETtcxKIAb2v
wf774G2xAxTh4ZwKemcE9J/t2frSbWhigdnhTSpYMZd61Nd51Rmm5mvUiK9vsGOG/3NbcfEs6qx9Rt9Yqxs6yYUQTZlqPSYnHFCuslCMhmj1+3L68r6z1GnMCOYRwc4A
7+Wdv4BZEHdc7MMq4+MRcVyth9+7lcsb4XeJO0Cd2NmoSLbcTc3mdXnymzmlzCK9GjtJWoHDG/WoGVwq8q6o5ctqW3yleFsUPCnV8lWXqr7uW8V1Lfqow5AHrHGRy+Ip
2k9enYcxB6IhrhS0sw6Hfas5Nedey9vSqlqU49Uh+Qgsf3R1BnmCRZrzuY2FPwtB6wrf95Jl8POWUsaPIBTThl32d3pgupZFVcfs/Atcch4ShYJc8aBsPbF83uyj2A7O
c4wMfZ3oooftt1BcOU18NaZ/BK1tDtgxaaPF3mX2DbdpljhDDMy+aNmTQHjIQssWJlqgq1EMjWB6a3yQMMhlVizoe6+WyfKQbtPjQ/0CQr0vkVM/OOqUvN9A2wPRPnve
ySxFCnnDNeqZKE6RlVMlJoqAas+QZH+w9y9QNJ3fah/QATxHP6phnLnDcdXnmht2hed6nu4hqteRh+QdLSxKkbdX8ulPy1wFFfGRi7qcqjhzpvL3G6Xx0YfDo+Xw2Wbd
oopfyBmFaa9JnfhyBMRl/Gb/Yx8nsGuHqiOEe1Wr+1CHYgGLqt4vL9TXREOx0pB8JPvjpCOa5HMhaBv+fvc9dhPwdb3RhnaH3K7Cuq7b/xbOrQg0UMong/lHSqovTEq4
c7iuZmvZOh51UTSe6tmvqO6vrOa3npIde99cBK0wffkKGOdzWghi9CmJ6tSeaSQ4jQ0O3yyf6MNZdNiAERQseza4y4wTabnTQvLmrGrFEVHsStVdU+B0KB5yxEfVQpW3
XHer2kUvZHHDS4d0K4nxa1AtrT7jueGNWIj2OCkWd2uz2jYD1VzX+3h8y19cQxHbnsTYKlPN1LNw2iTa4oJDUu2srN7PU2MnnoYNf64oefBpoi1aeY6MG16Kk3U+46Ol
aU5tBHiqs8l64y/zfyJ/TP4oV+nne6SMgDRquvEzdbMn5Csr3mdaGJyNajjjc6WvoRQIapd/0huHC2eAGNOdIZ+3pP7BmKRePqfPoiI4ucdbzFvd19NW6qDNQU31gNCC
04x1n84T3EK+puE6iJDeSVCph1oE9pajnqbe91ZT8g6tSLU7+mIC0AWqMFSo/eIDeLrlNclTWtfNlk9vZYDDZZQ0KAvano7UJ/JeNBEBQbwGeERGfSOIt0oQfzMFC+fr
XtTXibt1J6yNHultTjZSdRrIU92YxJ8Crf1Ekh5Fu8PWePzdcDaSTPxASDphLo9I+ualzrJhl4JpmKgdWwtf8udVVoojhgp6WoJkfDos6EDKrv8Zcs0l2+QBsa+ycdg8
NMoTaMnOXhmxDNXuuqpqND8BEGG5sM5eP7YGCQ8ZjA6vT2ilD7IP2XQqYsg6fl/2ISadWk4d/Cjy1x6Pz7Roa2fXVoh01QQ6RGfgjcXF4jBN5luoBDeg5U0JU0OtKy5X
GGHTjgXa3YUR3bl4L+ZckKkadhOKHe+1z4Q1GdqgY8BlmaBIIb5m5GtH4pUNUKEC4mh6m/RL8CIvFe0LQdtfRsDYKfiS9k01xWL1kvXTt25dB2GsUgD/y8837tFRB8p4
XII4r9YrD9YGb1OZmTMwu1jdkvvFqbkui4FqtDJmbHWrHlmP2sTxiXs/tgMcxRnXfDxX67dgojUfzGSGfSB+g0FoSzlITG4g1D6havkcMohCjiF9izd71jWxYI2ILaGW
pjj3TWMtphM7WWKgc/BrYu/OJHr+NEiTsBCZvw2Lh1XUIRjb4gbEOvvpZBVgPkhUhGaFFObU2Zyqw69LkvNGIqw7Mm49agtvf5AdAiP/GhZuxOA8jpdUNJvexe6h65rp
TTEyfrzUZaiplkOKAidPKyNDzdVTlOnoLsTGvLF3WEFtgyMlpArd9YlQ54osOBjlDfGZxqXS45vqAZZ2vZiVDJ7wz1CAIq9HVh4IxgbjXajT+RVU17zyXC0n9Fuyt/f2
EJY4EAfeY7kdjQK7PdVZ9+xmsKhDHECjvb0yrJ15JlsQ2enc4Crfoq9CpUk0NNskhfP7+P7S9KB9VLCHxGLY9wOZHh2sc8fbcifKPTu9fU46+HFIn+GfQ4gGRvEHYQ0B
BFUgBWHiSvbSvBj1stuAFBRMmVQgixY9wHqBIS39WYVROAAJY6RB15kuPNc+IdzM9JOC+DDiyWeVF+tm6kNdi21rxWwQ9w4p3FW18z14FB/5tgmPCmBWOaSV7N0gPpcq
1j6q4Hot6LvIYtaoknjp7uu9nt1MOtYmoBnFvMy+2JG7ceZmJIVWVTf0ZcMAXDrvaw1Osj+amtFdMjbvhJbsHmKbRCnkzdP8SQxY5WOOVqO5brXIf3vUvo2YExzw56qf
zf5XFIAbkKksKwJIW8kFr60Q8/ufvVVKNNqmfSB4YtyZNmFMaMGpekLaTWfSLr+iQRffM6rbn/9KBBcOYdKLt+VYV1bohw6kX8fv9DObGPGeELbZmBnNyPRpVG0QmLBi
/lM1c9cC15fuG+1im/0e1dEfBGliNFIEHW3Tun4OrcTjFoyWwo7hQZrAM3E1iA2RrRTKiMNnqPSQs3dnbp08GNQfxLh5ksdY2uWPH8D4JwoE0UhXH8UJfcjsw8oRiDvg
cxuXIM0cbTWP5HdecLTbmh87n7cRQMCrb0bKovl/GdtrU7mTD/mpwj3wcviMtkEByCvLP3UWOp0O9hwQSZJLzpWUKLSlr47aDDxB79sepsC54bk+ue8OytsCytq4vgpU
Sx4lvPfZsmhq27bN4VAQ/aYVaVUMrgK9TgstYSoapGUxI09gu+COU0lDfS9Srg5rnSaLfgJeKf1kVvPOr1ZYqljWxhAeSxlhmfbhP9Mic6vUkLkBkMDx0OmrDMEUG2mI
pNELy86AmuVDlx4u2X8ECqVLwg6GQNYTS0PZPd6nY1ES9NEkrYCQ7IQYHK2C7hqeqv56hOjDKDveeeyPPr/KsiLmRoKkubMJixBncU6/wKE7jWPCibWJzbPrDUDGQihv
rdkEdiHEdJUzC48QYgUoBqqi6BcY1krVtCBMSsFnYghbttLk+02r1c9shh14eaAO86pW+iFqZwrSyhQ3iOxOR59a/UIN9cdMDYcBRt0Az9sTzar7+ItCNZKjqoch0NDL
NJwEsgJsRZmrKqcuKpCDTn7g9ruiauUAwCXQ/Op5xs9FmJS56wOfElPiDR9PsFp/0P9pHtuu5nl+sHPtbc/CIf2sFdy6pHXwR23OHi76xLkEGe+rZ5OubTtCdiFN92Yo
lt9SI9bnrmLS3GDJ3lgiRC0GXAna/bn9+V8gTfD4r1lrV73d/HycAUvtlz9SFYeRPzhzKiIPDfV6RZCmTOqrQyoM9FdR7QCMbvjMHZWUIpWraoPk2kUDfmiRy7cr5VZb
TnaTyKJegmd5L8K/2klta4qQfgMSorDIh5qobfqDC3/QuT4emQjPFIvSviaNfGsucXoIi+9cPyvtF3SI1aHlQ8A43RBLaAoX0pKmvewnuTM1BLJ4//wf6Mvru+yfgnMA
K6cM70nawyIyHYarcKUpClOTeGGySoPKNcLfRl7mfWWfh17IZtrU5lsMh04NFzrG3i+Vd0oIT997FFZ37KbCXmZ14ksTCb+zaEu3GidahpeUp3taGpOB4E3Jc0stolw7
iaYrwXHdjvlvN9AlZK+tHzIa09a9lyQ18VhEtKGGSLf6Ksjg6sinu2HNfsY0P+MgUr6BqQLva3hEyyHQve/tHlkEORCbOb0qnyo6c3qUpkpgNl5QNnlis5vFOH7oCCA8
VQkDchCgXRqc+TwH0a71lFZJ2QDr070Y7fjw5nLBb19KYFY4r9Uuo/8HGClcxgwJVopp7CkIQ33f90P4vdG1Ax+L57q5qmZRYSub3Ca3Hw/xjGW8aukSE+acZ4cAGw+w
VzUO2NlBR9SvbuO8kb9W4V1jbNsmglwUrCWoD7iPqc1+L0EQMlns1FuKk47LndpvpHv1sze8eodPihNfvMJaDe1SO/RWKRZ6NlyiCGQ2Em3aPY0xTDaRGgnKPCF/sdZ5
TsuWuSK1UT8+Vq/8bunS8rk3EX9AjuB6gPZ5aCl41xqncA7XXBcX1fIDEaBkBFwPsWh4Zuow3xce7s4AnOEb9PCEeWESwTU7BHdy35E6mDeG2IhptgnjO5sYAukeSqZm
QdvnAH8VQd4eoesKTjWMvnsa0OmP61kBwu4Ws8LpZfzmjl65ZnO913kfPYZlwJ+q0HIGl5D/kRADWT9gHVMg9XaqMpKPVcfNQ88irPA2sM1f4E8Yog10/x7q+dqEMO5T
RfIdr+AneCM7tFiOd+F6XBFZsTaLCDgqXdxrCRoMBB1H51fQZYBLZwJ9hfSq8S+jSrOY9sOSV2Ilhf849kr7Vpdt63Co/+96vMkrCFnTXx4fb3ntiaNz2A7P00kT8+5Y
HridZqCFzP6X5L9GYm6E5Y2US8nBe9bBVzI/8mW+lQ0MMsqxe1gTj3p2OKm8qZv0hOCRPRRQKEa0uVDS6v2ezUwHr6q9UTZEe8Ov5r/FlFvh7t5JbEy3LwQezxsa+M9l
aFODzS0YwGg2Z5ICeAnzMibyogCBQZ8w+vKEGBrr0deYuVuzPnayTXVp7SM8HeLznRy3tGTxgaeWjpUrQ5hoQFvtHerOgQUHHvj+VBrHeUYXCv0RbMf94SHQBNQ2DpTK
kP2/qtp5QyB6awzq6jyl26qkDLQC0iqvLxubWChFXx+AYKSqVdFsH+C0RN6gm9t6x2K7K5H78GjIfVtgj3abScFjIPfXeW1IAaPnylG2+jmCmwyMXpx/OS4a8FCeOuHz
rEgJkH19Xy8GSk2zukiRxkXM2hLiX3/dpCAxwq1Vrt/+KGvXpHB/cwareNjn7PslAqIBMBBgyt0tDRB9w2C0/9OYUPtUjBQ+h9LdEtXhEKf+awLyKH64RwVcX1dh5NO8
6FOuBEk21orOy8JZ2d25d5ip2D0WEWSAS8CO9H15auuIQNaxlOmYJuZymU69aOufO3WxSiSdcEbB5x4XMSqE7pIbAciaEz+A/3xFPWh3plmhfzTCz1EilV+hxs5PwO2L
bvjkQ0LGI0WQrkNenrYJtJBN+vvLLRCKgHUQxSAAJICRAJc4eBJ8lTVGjUhOw2PHQl4rBmvuO5daUCwC5PM66XMsoXye5olca/VDP+PG16sWBBUhJUlwLLdy0KorhFIM
0MHtjqNG+jpRJ27JOLlenlk42D+Ci/stvS4qIhoIKPpRK8J3jBVdzLUfFjYeKHpGVOsXhGXkcOwP/Z8VcyjCdjIo0YtKgGrQRKqkOp8oPGFo0+7RnBXkhinsGQvrO0zn
TCJr51kfAD5cv0oZeMHq9rNY5/NwmF8zrGFd234Zwuc1bFsc/OWMUEVexN2DCMxloPzYnOcurvikdTwdgiKcvuZ0bC0VdauZjikai4xBCeNylBQVTlHDGovP97RzZ+25
z5ygOV7HMHzzDYrY/gMkbxnQqtizHIIW9qf8VjyIVISOVcU5X6AvLHoelfXImChua2IJTJNcjnBzBKHPHWi/n3xiwFvYVb6T/SFhR1jmBUURnkQfJbS7usZf/1xttcVj
+fsA5CPZWDgg4jlbyhNgUQhlJTOgfXVC3OWAuUYxwB1PLkaYWTO2Nrxb7mC9skNrV9HjQ9yUK6AKfTfWpO/EwZpgCcibKLCJSGPrBTVB5Xy87+tYYOciRqu0OkTYC/ld
ZF+zgM8xmQE1x/eBQrqib81vY1F/0SnfjaMyuFDMjcZDJvQjtnJeoLYi5v85iUIkmioX3uWxiFz9gW4LXmxadvpxiMIbQI8XUZ7iDyTtMtkLLiGqNJIXvBJ0iLiFxiA9
UzpvNyFwygCLKkQ6lBX9BkJWptLPlFAlMmj7q/iuzVQycAc3+hH52nnMYJll7Z9eyrwuG49U9UTOb6Q7BAllDlC6YuU13KjpGDq6U60muYNo8kcCFcd/BzmaVonkqqcN
M82ZV0aHvDpG5SsYkDLqF8h2TAJnbOF/OUqX64EaTpihGdq2uf+LDETLdy2ovzVH3pdMUy37IV9x5N8xqQ/gyvnZSp38bnV5Ievuqp7HaZa01ryhYmC9lUz7byRkYthM
W4d6UfbFqFClKQKwog8PTxEtNBaOeo0K/5NlLyYGS/uq+AjlZT9FYBXTMeAVRGlvFxq1DZiTix1aW/XKCqENxA1G5loN2VlZ03sz8lKMJFD1ZKkWc6C+jENnYzNU9Ypd
0hCmkkDLIO0S7TU+UNMiRys18qLhq71ynWgFTiLJUK8zQPziAHAX748+tsyMfMytgNOnEAQhL80INaVr/q5EaIxHItS8a3/QnTw+JiySn9gMZKTF+tWFu9JS832OHZN6
PeOH+rRKHOYuocgm1w/Xd2ERH8oaE6W/I7YFK+246jSz/asL69WlCds2vKdRnBoGGhr2Xky0JChHZRQown7fisdQd2okK74LRTcy9zD4e/LfQDeLNHqJGcuf2jpUzOtH
xMOTFuxpMf7a3M0fIBvHRHbMEAPLHGPAHnoVm28VB0TrJLJ2lk+ZKAWDkVWAmxzOMJlVVHoFaeJc8y54gBkvfk2egqA04XvGcofACijElo/cmqm7jM3xDrO7KNJ4IGJC
iSmZHdaSd/wB4oyjeA/J5ArkZ3RJlNAf+fRdq7M6+JQkPxuPQKDyipwG0h2z3xGRc6NaK3tHLn+NzgGOfQ0/j3WuNxd2MAFJriTOryBeJNDMCS4N1UOStuOkpgMYChsu
4dgsm23OERdhikONe0I/nvr4SFRh38xp4hie/0ynfHZwRs/i4/icjTdFNGC40rLgHZZXdeOSKcjOyP1pGxd7r5hAlxcFjy3sS5Us4W05GmVbBM1qBP4r/GrrEpi+D0wR
Qe3Q+qBsNfDpTHIddGpzhqJSSODf1vjLlEK8y96bYsr+EcKy+J60BZDG5EDJ4/C79bWMGrS/tQ14lODk/khUKazIXCk5otTCTbuHaGVqOYgr/d3U7AKl4t+gQSZ3CJZU
YxSgcCv/+BjzFNaD/4W2NOlx8yzk6qJjSN3CG/K+SrXZYJN5Qh3jzivTeE4k/c9MtaeNo5eUCfGhgpWA8VzHApslT9G8eOwNBd/c8+Yx6TcPNO2xiNYYPcFf2vv38rxs
PSyYM7Is8SX0ACNRYAt4CqQBQh2e1J1EIXiFUQORJTJtk2f1OpVaz8S0/VlS9BDFZasHeF4XJgh3KFotaIqoxW+FAqHhQ+iHCVpLdHUjAgzNdC17TYR14nJW7H+Ki3XN
4/Cky+AJdoGdvms2Hxh7y3rvqw1/WvLLd7Sfj42ZXiNflTksJ0k6TCOEu5+nU4wSY1Canc1BCZSuMMjibnHcO22hPuwUB4VD4KTQ8v5mkDSbjlnj0LSeJIT8eWQm1m3j
m3Hz5acZdEj02Phu4wLELoFdp0PnBsbayVvWOkzq83C4QDsHbRL2Hzx7sO6M/4449/XG0J7LkQEkl6USn24BBGlrrGpGmpxHfxV47Z4s7m2/qlbJXx2st5CSWhEmqdu3
5YC2W4NrYlsXC81pypSZURFHZhbRTQlL0KNkWFURYCALDiBuJWIwvjcS0dUs3vUeAu1wPI9oHzbE/jYg/643GSwuX/4xlq374GUF0Rq8nTnYT6hn/xTl01MendHOGotn
MPaFCpIJ21rzk8JVG3awEbsw2sj0Nr4vfxwV83KtDYzAyYqYZisU0FPHiHPrUWmZmC1XX4CqSmAMWcl0j6xufntG9gJV9gxEyXMAzMrwZRJhkHx4R0FZBACSowtgTQZJ
Fx30afn8cQuVUcVA+yqidZM10Y4skp5Bb1ztFP982YVCyukGBa2yS3F3MZC6TTFaYIWXdkjfidPSsW+VUvGYcKsKdc3TadgZ4LHlQlRzNfxAM4GWu2yXhV8JLVGCz7Ok
Tu2ARaBdIfzmqCtMiXyi0dJ+CDWxA8j/G8pj+M0bhRsxoFGIhkewZr9oOFDevOVBiyI1pJtQnC/FLz/tt2GiO/weqUfKQBQLeEA3DYrxKXt3OhSnbgyMfvTa9iX3zKLE
dz+wdr40/BDJyUUS4w+wj3FxpAe2uYCOHj1JVBrkJz/NvRdM3qbL7B7huIUaPIcJFZOPot2Trf5eWxlrSQUcOaSZOs2Im+pbmlpGwOq2muEWj6AGPUFhzhbtJMfyeb1Q
zd8Vsdl5PqPe+bX/MDoYtTLn69VAKqQNusnn4Yx4Yc/mViTSWpG9FxsWDAJGOFS5ncC10iu8G6153i6K/AYDNX8fHQD+kOH4SBXIw6KD48Frujl5jNRNHWgKIu6jEl8f
1+0uipSzPutHKO9Yypph9cv7+NHqglDZmDOax+eSq91UFC8sn5ObOLszudM0g5ricG8X+1L9D3KImxtyoK9P6qGetdglk53tKKgXUDBLQlSes12NH3jS3YhXsT2XQ9/A
9MCb0EdSSR+ytUcpZ5kyZuNpaeelnjMGq4cOMrjcw3p8QT1mhpGzcwxgEGHNbhWmV4eqjXghKoVKy1mhFfISq2wO41ZNv/2wmM2sv3p1DgLoOc41gJ/CbV6DibRpCpwf
9zmtjmlQgssvWxruk7OIQWhHyT/i7yipgHVM6GZc7hilj6pJSpDnaHS44Slq05Mks366fEaIvE7VpO9pQkhD9cHRd3VTFJ/IE//MBfSZR2uI4Zm+s3nJEJeGYTrqr8b4
ojT4SYcLvi5xC/6kDD9ldXWecpkvfuagfjZKNG3B7fGmPSYLiClBkzcJ1aJoURJxn008CqN/0wtBS6vpiOULH+8wwESj+7mrjlZSIenex4p7IVl6VzQhnbSsTpvvSa+5
jlnpHIVvpZRJ+WoiqQ4SI4M1JyIphjUO9BvgYp1XVgtW6+h9ZsTGmL97ehxHNzbEq9whVvFRD2Toj3FapTPpgIxZ3xtnVSpOoY1Mf/eQQI9IJ4eegzl7m4yKPeUVVZ1O
hn4eqOnHXDpxbevncCbcRLFTo3oXNnwDQSvS9gAI1Dw5zYmP9Dj0LEHnqeFrJ8NTkNOLfE4JYhYwplO2fxG0mCdGah3XeEtjD0f9lUXY+O6K8SXUhuvpD9f9dhx0Qp58
9dkZZ8n3I8B2lfDJm4Eg35FhWiiVmXP5qpl0xT9S3A98F0RNHwQskbHF31Qon8xZUVBG5CLO8TyRg/GFC2rzWDeEco8R8K8llOchgJYOe0drzjF+QzFrragC9TQq4mMV
M2qa5ih/rVnL4PNxtLTNLs1uzjlfiKiokg99KnKC+fjb9702om4FKNCN/qa4rTKxuQYmcn+3iefvB83AqbMnWNweeSqnHjjdBZ3CquEE6rDgcU/Cy+I1ezcEQeBeOE8v
V82j0D8Up1eUPBL8sB6NIvYfeiDvgyA/hUhFL6/ARE4+dDsoAowk1g6TGC8FkdapDNpQXweZ3UHixBzeUJ8w5l2pKN0AJQbh8shOPSec26Sumbf0YXvAW/Kt6uP79GiA
gCIEL2wbPDfQ2uDWeMKaOUjDGgrYL24O0TqevkSCU22h8JefdAt3TUD0EM/vNzeSumLkGb5XmpX1aQ974TWkqtofulqIFbT+lONUVa0pgrH1YOG/IelRc3Ww4TSPUhxZ
lnzXcjjz3IcD3bFCdacCht4qaJQBGQyEklwNVghCQqIwhl8fMj3u2wtezhP01mrHF1z/6/38k1phATBF40N2iBfbKCqD6TzFjsXZ0p54XbuxkRiZm9px6DY8g6u6PJKy
hUkmNrEd5ucYd7dTh2KU+GXo/WJwH7opLJwCqyTHvhlvNxJI2JIUBUgI9jxguW8W7OFFs4iOHFWbnzRUlmLizaDiJB9l3yFcIV1Ya0fpKCN6AG+4UZWHUkw1rYe6gUMR
4wpom/fC7UfRNmbluDRBMARdBeezRRome9C+NXA7FoFG5ydglN9EdCRQpgVxDrZbBshIDHk7D6No/PdsKjrZiKtmiiNDqZ2CqwsRSZeKL1w43G5ZN319KHPn9Jvomrri
bwB1kwJ/HC0GFEouMaiV8jbZwlKc9ZYE6UxSYzK96fU9mgdS9tFKfu4X53JmBFU4opob+TRXDmmrHYR03wFxJBkbbzyCdrI+1vkLb3+ADbsneenu3ty8lj2uxQRYVYd0
gV1LNomVouUuT+8zEcK+EhlNmF65mAwqf80KWooLJ/9vbOPbqZ7IBepZEFd9AGGCc2oHu7y1kvMPfN46YKAAIEabWPeW0N5iRMrvxuYbers5j61zzxd4JrXCn5nRiJao
dcb/oiWkKVyivCVQGEHYqT/PLtdrbarIJoue4FeHQtjZbA6r/pZlO/XQ/GVccPYO3BJEG4UiiQkGYnmBX20ClPhXP51DpSE6wQDGTm1nyBnM73ivpj0gtrutwnrIP7Ld
JfKR2KXD8UP7lwIFIflzI8IAULTapx/pxwDMAj534zBE8XCUHchbCfcNEYSy0SjxQTx2J08emOdOdqjaoDO5HgswR7kV3gKD4mOPpDcQNo11816b1S01u2W10QbKImhC
7NjMcvJcNXh7uQCX1huGmfb9HwzFd+SkDPn3kfIBrdO2Se/rUa5E3a6zTZcxKo6sB+zzO9uaHPKOEqAsC8aJQ2TuZh3qLAPhiGxjKh1kWAVe6un6Y/UUnfHUEqDV0AVr
Pm/yKOIivurqm6JXBq3pfeeaQIMv03xAGD2nUqhYbDKfXETzS7IBp31A+HCk6uh4ooE/pNWm+g1R1XSZfN8JEbjDnyV0QROplKqgG4JJDo2nkNNjD0N9OJiiPKoxxwDc
76BO07VwY/npehezGhqAtVtHJdZKrgmfnf3uvSDHSE8ECi8x82J7kUtPU3BMjInirJyP4PX7UfqnZ3OyEGQykwrB3LsJLVXnu/PuHQsdwR+8SnmLbiIAVzSCGvEc7NMy
hmV7AlghHDXbHNLKSWpT8lU9ZL03cBAmgRY7sfWzkerWiLGrKiW1sXxMFS+GlPjgdLICRLZIn/1KeGa+rX/6LGpMUHpLEEpG7VtXuvU/+Y2Fdso/yO+ErobZ/zdqn0xd
6p3faBawCgoX3jaArwgRkxCV09wKqBj4mCjvW1c8DDbwadhuXl6gyjAuzL965jSXwKMH6nCPwfUqHRbyV471LTuGESkF6tKIRV4cN2j4sCUbS6XfQmhnNANiP6oiE/zz
+Wi0HV2Ii6zDa3s4BaKGcq1qwj3vMhK18yvdImpzwYg+fDpeJHvD6zKaYLzxuM8KKX3L0cU0h2c9yPbNYs2dJJXIj8cLVdS/ESjNZmZt9OQjkssoRdr87DrpQs3Szzr/
IJ3Cupw/Zf7PmpRqLk3miXqE0ZcofDn//X2+r1Y6IrdmQc1XtS9KOnXk6KLPF62yDNmPCCLDBdbOK9fFWZXtTmd0bIe5jHXy7dvNzZBCIpjfY4tuJj78L5saJ5Hfy5rZ
Ub7DFbiq+Jh3IP5FOGHHsWgCi9iTQ6fH1gOsNI79+fchOQQHjuypvPImoa58tU/08Bn030PM+gg5sk2XFsPdnUWeXk6q4hAOT8Y4QOiRlQyKWtI5VXYmKP6NkHpdDVaj
91uixhARqd1uWxLWlU4BxjkJ0DOHpFyWpPk0hoJO6+jIJ8nqbazRD41HNiKslpBBeT8+yZv4Sv2WTAJj05l0hfGWhVG1nUl94e4ksri/2Hm5bqGKAqgm4Bhs9fc1cIgt
3acxkVQipXt5qHLAawfyRv4QUUD+re3aFtpTORdmqWLq5G/83vPd7IxXPlsAu6T7spYz2RQclHp+mGl24qzrmSDVD2gqT9z3BuRtJADct64boEQcv04202ldkUaebOkg
P6z+YQlHF8kHO7y6IWVnWv770TX6H8VunQEpFv6hxXg4YIvRzUTKaVkOqlAeGL20gz/u5FTnRKchtYV28gvH/eZk+3MmEDKyRo4euWEk580TcPDC1KMUvxMWTJ+JV2Hn
QFk0BFWAykgTITGt4Us1x6lpfTtLTJogkHYKYo0vHZ6md3Z15G85QHo/PK7xTbaq0qcyt4x5zFKXEbjr5TD2SRV5A7UMlpxT1flflz+22VqfRtT8s+sVwhYlO/umsSQF
n65oQhpnSL0FxeSpnlq050KlyrZEHAWLfQw79QH6RARnHcwxk64sWM28gAxm6/PHQm+RNu8ByR+/vKGCA4JM9mg6lFrIFX7tdgWRuwVW/e2xltkbCfTRLbN0o61WqeDW
0/T5AkXLdF/dRXRsz5BUK7MMN8nu6Zyi7unFvTz0luIVV6Mm4yRArtuu0IXjIaV2UCMFkFi0xxaFna+yAJifsx8pMbipvUD6tpwVHZCQHevQDjGWJdnkL2cmuwk9SfSE
ypjd/ZC4qVG3oAQiViHDDCmmYYdOBBtHASw32RrRJCGg/904Q+ZgGAQFQrYxkpELDtx2MR21zzh6dr8BJljOyaK/MBnc+kOGOiz/gJFXKxvZLxm01fuxHvCYWBiF75oo
8pGCtLlHFyZLv3L5F/kgxJQRC1aowoq+NB15xUpc3sCk0jn0BEOSM0eYUgTcIHtS9CbNWRhTECKuAeF0LGODzQoPwQpUL3urwNzpzyONVLiudpWu7as4wAZup38AC6n6
wxSeiilnX26G5tDbnWP5t8xvqE35RqQ/bGxUO2BMa73YVXd6i8b/7FkUccywJHPjpHl12BlO8gEqVtva/JvCnd8ZZaYCCUcwS7Qa//sMbPC9y67m+eyQANYjIJOALzdY
JVIgqxVGcE8ZqKCqWFN+P8H65HXyNAK9DKn53836cE5+7PKc9r4Aqz4QKbKi/GFf/+Xrj8I0C9rMnYIL8RkZjlVbCnWFg1ESP0e3HS2H/ZaojqNO5vOz6/408tju/AyK
6lQ6h0O4+dWX/L2GdP6WL1kLRu8jBqEWtHuz0VBsHV2YkSeXxex533jadBiUVs47IFhf85Xli4JmSM1yIaJwo53YXBI/ozUl4l3Gzk+Z+BGQarygTz0+b4KEGL9CCyaG
H2yFsZPib/ee4gtr2phMt0H4+4pNkW2RIsdrAGEx6pxLS7c/FnpflBfS3CoP8XEjWvdDWgz5kksALggHmhPIEv9gGJV8qweoYyON3GpZDy2vuDuL/7EWzMKWP7wCkSc4
1jRn/t3DkTgx3LRbtIlGwFWZcGVI/rXeg/4qyS1tZHonkZUsLUqs26iwZK1fPhopt/Rh9mvL1Gu99V9yNZDlQeavggIVJpdPlKRovQ5ECxRZxZbgxjkXossvqQDoSz9i
fvMqy2zvhK3jGmnMVRPQ3ETMMr6hgaC1+1kMuJWqPcsWButs0k+Msx0teaJ1E4VsAB452tYO0vRTUi6rm7v1N+g1YIYGfpFvahlg34lcodYd0kAHeY5hsJL761dM/s8N
gtpo2iWJKCrYirXAnpaJSsaU8TK147Ak6gX2MoJfhhzbwaJlpbabYgflLbl1+D8w/5j3A5/vU/C5aml1L1R+TVpGxa8W/yKpdn4srsz9XT91R4y7MQD0m0toiVktBOfu
b+5us7HMXkaSX6ybuPlyaJ2WpvKOG+XKRGxjzgfaB7dNstRw6ubzUYnC2lUdYV8YeY0vvQzBazhNAFlFnJQyues+J9h7AmAaM31yIgG2t8Syo2RFRybMt+Fft7VK3MvE
PAQlllITtRB6+8nPb3I/uSlWQVHYH6UVWZk7K21Yvj79HpcTZ9F06UjtZx7UT13M1Z7GSXgaxDWQL2roMGdJF7WzokoyrzB0HiRkEQKZTFYZNoXZjUGtgVS8kYN4BSMa
hHeSvi/YIrszpbh8Zu+eWwusknmD8iHBcNXxvCfOTyH8pO+QeKAObll0gfD6jGl2gl8MQZ59zkBP/znmrESqWXYWs1d/rQFcrIw82XaI+r41VB9/IUBEWAIJbLICGot8
ZgBPJZXHrnXU6Ku50/QRZ8f7IxdN/I/mW3OvU2Eocot6W5++biy1DqxSfjfAtTRWnU383f7og3LjD2jOulnMwGbvUwyWBFGzUmYvtdXBCevNaPAe4nfgZhxkER8lm1KD
JBf9D6AtavvNjNNKqrSdkmJ/AxXnZrM8dmliLlzfXf+V2GKUB7IE+T0CjBrwQJggdyfb/PdbwEWmqj/XtHSuvDXVZR0DfnQVp/rIg2V6zGdJXXwaxeXmVfAvtYH0jay/
ixZQnf6OgRsGfPdY4J7t6+yMgeUhdBXsWcogf7vBr3DNlpphxz/dcYS/Ip2/KjW945wE7SZlRq1q48CJ6ANHCbdbaMJHPu7LAVkStgxExDeGUCk71wFNsCVnZhcCJYzG
UJ+X8tIiNI8BXHX58bm3AP1Z4gp0YscdZQq0d41no7rVgkp54HO+uWpTvEePJnes4NE8JSlN/eUbRUE6shzroBTpLg0u/g/VCE4ZOqDVnxnaV7qjyMT2Zxngn+8iIpnP
HqbU+OeNV3mzT4FrU2kXj0ASzbp/+i+40lDQaaHsRQSDQatU5Dgw2i9tujWcJMWTinz6mApw9k7BsfXz+zbn0pxh9BLkVJIYM+2mmeNtms/sBOCsFycZ0Rt6qSkq3Fr1
deb+1V3uJd7Cae3hJuFKiMPeVXtD0DhoEkR6ud2sdUCneUoT9hUdgDxABzsENGajI7tlaEt7+UwpCKwaVTiSNzRlwTgoVXyTRCQBCtlLljzWljIXFumMFdqpHVwfgseD
HrMiKGIltFwUuQ2cZ3J9GSsJw8pg1CsuRI8zuu+zHLkzfcNFVVxG5e6WQHwdJGW+bSqDfUNI3HhZuTWQP6tZo2sqRTJC8TLsuBMn08/KP5PTP/8txWo2IL+opwjq4IbW
Ko6dtK8psrEln1e6w5LX5DXVq9R5VK51R+rIBO/SL9djXUqhe7sbdSmM3WIe0mz6UAqt17lIPkWYbVN6d9TkewB8oxee0pH5EGna5o8D1Mhes6rUkY4s9Tjv2cpGSa8P
FDDHfj6Q6kpO0BxKTnNT5kvxhfnwCJemuU8UcNSfhD5kXu6jg8ceB8bWj8P3n9sUcsZexQIR9vmFI1WQaiPbuw==
test